#
# A fatal error has been detected by the Java Runtime Environment:
#
#  SIGSEGV (0xb) at pc=0x00007fff201fc9bf, pid=13512, tid=67587
#
# JRE version: Java(TM) SE Runtime Environment (15.0.1+9) (build 15.0.1+9-18)
# Java VM: Java HotSpot(TM) 64-Bit Server VM (15.0.1+9-18, mixed mode, sharing, tiered, compressed oops, g1 gc, bsd-amd64)
# Problematic frame:
# C  [libobjc.A.dylib+0x79bf]  objc_release+0x1f
#
# No core dump will be written. Core dumps have been disabled. To enable core dumping, try "ulimit -c unlimited" before starting Java again
#
# If you would like to submit a bug report, please visit:
#   https://bugreport.java.com/bugreport/crash.jsp
# The crash happened outside the Java Virtual Machine in native code.
# See problematic frame for where to report the bug.
#

---------------  S U M M A R Y ------------

Command Line: -agentlib:jdwp=transport=dt_socket,server=n,suspend=y,address=localhost:51138 -XX:+ShowCodeDetailsInExceptionMessages -Dfile.encoding=UTF-8 com.dke.simulator.desktop.DesktopLauncher

Host: MacBookPro12,1 x86_64 2700 MHz, 4 cores, 8G, Darwin 20.2.0
Time: Mon Mar 15 17:02:00 2021 CET elapsed time: 1.117970 seconds (0d 0h 0m 1s)

---------------  T H R E A D  ---------------

Current thread (0x00007fba639bc800):  JavaThread "LWJGL Application" [_thread_in_native, id=67587, stack(0x00007000117a1000,0x00007000118a1000)]

Stack: [0x00007000117a1000,0x00007000118a1000],  sp=0x00007000118a0478,  free space=1021k
Native frames: (J=compiled Java code, A=aot compiled Java code, j=interpreted, Vv=VM code, C=native code)
C  [libobjc.A.dylib+0x79bf]  objc_release+0x1f
C  [libobjc.A.dylib+0x833e]  objc_autoreleasePoolPop+0xa1
C  [CoreFoundation+0x421f0]  _CFAutoreleasePoolPop+0x16
C  [Foundation+0x1edfd]  -[NSAutoreleasePool release]+0x81
C  [liblwjgl.dylib+0x16cce]  Java_org_lwjgl_opengl_MacOSXContextImplementation_setView+0x10e
j  org.lwjgl.opengl.MacOSXContextImplementation.setView(Ljava/nio/ByteBuffer;Ljava/nio/ByteBuffer;)V+0
j  org.lwjgl.opengl.MacOSXContextImplementation.makeCurrent(Lorg/lwjgl/opengl/PeerInfo;Ljava/nio/ByteBuffer;)V+7
j  org.lwjgl.opengl.ContextGL.makeCurrent()V+46
j  org.lwjgl.opengl.DrawableGL.makeCurrent()V+14
j  org.lwjgl.opengl.Display.makeCurrent()V+3
j  org.lwjgl.opengl.Display.makeCurrentAndSetSwapInterval()V+0
j  org.lwjgl.opengl.Display.create(Lorg/lwjgl/opengl/PixelFormat;Lorg/lwjgl/opengl/Drawable;Lorg/lwjgl/opengl/ContextAttribs;)V+108
j  org.lwjgl.opengl.Display.create(Lorg/lwjgl/opengl/PixelFormat;)V+12
j  com.badlogic.gdx.backends.lwjgl.LwjglGraphics.createDisplayPixelFormat(ZII)V+243
j  com.badlogic.gdx.backends.lwjgl.LwjglGraphics.setupDisplay()V+594
j  com.badlogic.gdx.backends.lwjgl.LwjglApplication.mainLoop()V+9
j  com.badlogic.gdx.backends.lwjgl.LwjglApplication$1.run()V+27
v  ~StubRoutines::call_stub
V  [libjvm.dylib+0x4ad312]  JavaCalls::call_helper(JavaValue*, methodHandle const&, JavaCallArguments*, Thread*)+0x2e2
V  [libjvm.dylib+0x4ac1f9]  JavaCalls::call_virtual(JavaValue*, Klass*, Symbol*, Symbol*, JavaCallArguments*, Thread*)+0x1e9
V  [libjvm.dylib+0x4ac2c3]  JavaCalls::call_virtual(JavaValue*, Handle, Klass*, Symbol*, Symbol*, Thread*)+0x63
V  [libjvm.dylib+0x556fd0]  thread_entry(JavaThread*, Thread*)+0xb0
V  [libjvm.dylib+0x99851f]  JavaThread::thread_main_inner()+0xaf
V  [libjvm.dylib+0x995711]  Thread::call_run()+0x71
V  [libjvm.dylib+0x827c47]  thread_native_entry(Thread*)+0x197
C  [libsystem_pthread.dylib+0x6950]  _pthread_start+0xe0
C  [libsystem_pthread.dylib+0x247b]  thread_start+0xf

Java frames: (J=compiled Java code, j=interpreted, Vv=VM code)
j  org.lwjgl.opengl.MacOSXContextImplementation.setView(Ljava/nio/ByteBuffer;Ljava/nio/ByteBuffer;)V+0
j  org.lwjgl.opengl.MacOSXContextImplementation.makeCurrent(Lorg/lwjgl/opengl/PeerInfo;Ljava/nio/ByteBuffer;)V+7
j  org.lwjgl.opengl.ContextGL.makeCurrent()V+46
j  org.lwjgl.opengl.DrawableGL.makeCurrent()V+14
j  org.lwjgl.opengl.Display.makeCurrent()V+3
j  org.lwjgl.opengl.Display.makeCurrentAndSetSwapInterval()V+0
j  org.lwjgl.opengl.Display.create(Lorg/lwjgl/opengl/PixelFormat;Lorg/lwjgl/opengl/Drawable;Lorg/lwjgl/opengl/ContextAttribs;)V+108
j  org.lwjgl.opengl.Display.create(Lorg/lwjgl/opengl/PixelFormat;)V+12
j  com.badlogic.gdx.backends.lwjgl.LwjglGraphics.createDisplayPixelFormat(ZII)V+243
j  com.badlogic.gdx.backends.lwjgl.LwjglGraphics.setupDisplay()V+594
j  com.badlogic.gdx.backends.lwjgl.LwjglApplication.mainLoop()V+9
j  com.badlogic.gdx.backends.lwjgl.LwjglApplication$1.run()V+27
v  ~StubRoutines::call_stub

siginfo: si_signo: 11 (SIGSEGV), si_code: 1 (SEGV_MAPERR), si_addr: 0x0000000000000020

Register to memory mapping:

RAX=0x0 is NULL
RBX=0x0000000000000001 is an unknown value
RCX=0x0 is NULL
RDX=0x0000000000000005 is an unknown value
RSP=0x00007000118a0478 is pointing into the stack for thread: 0x00007fba639bc800
RBP=0x00007000118a04b0 is pointing into the stack for thread: 0x00007fba639bc800
RSI=0x00007fba65054980 points into unknown readable memory: 0x013d800135640c67 | 67 0c 64 35 01 80 3d 01
RDI=0x00007fba63687630 points into unknown readable memory: 0x0000000000000000 | 00 00 00 00 00 00 00 00
R8 =0x00000000000130a8 is an unknown value
R9 =0x00007fba6599f6c8 points into unknown readable memory: 0x0000000000000000 | 00 00 00 00 00 00 00 00
R10=0x0000000135640c60: OBJC_CLASS_$_MacOSXOpenGLView+0 in /private/var/folders/93/gt5789mx2r13zz7vkgt6my4w0000gn/T/libgdxgstark0/f7649394/liblwjgl.dylib at 0x0000000135602000
R11=0x00007fff22c3ea97: -[NSResponder release]+0 in /System/Library/Frameworks/AppKit.framework/Versions/C/AppKit at 0x00007fff22c33000
R12=0x00007fba63687630 points into unknown readable memory: 0x0000000000000000 | 00 00 00 00 00 00 00 00
R13=0xa3a3a3a3a3a3a3a3 is an unknown value
R14=0x00007fba639bd070 points into unknown readable memory: 0x0000000000000000 | 00 00 00 00 00 00 00 00
R15=0x00007fba639bd000 points into unknown readable memory: 0x4f545541a1a1a1a1 | a1 a1 a1 a1 41 55 54 4f


Registers:
RAX=0x0000000000000000, RBX=0x0000000000000001, RCX=0x0000000000000000, RDX=0x0000000000000005
RSP=0x00007000118a0478, RBP=0x00007000118a04b0, RSI=0x00007fba65054980, RDI=0x00007fba63687630
R8 =0x00000000000130a8, R9 =0x00007fba6599f6c8, R10=0x0000000135640c60, R11=0x00007fff22c3ea97
R12=0x00007fba63687630, R13=0xa3a3a3a3a3a3a3a3, R14=0x00007fba639bd070, R15=0x00007fba639bd000
RIP=0x00007fff201fc9bf, EFLAGS=0x0000000000010246, ERR=0x0000000000000004
  TRAPNO=0x000000000000000e

Top of Stack: (sp=0x00007000118a0478)
0x00007000118a0478:   00007fff2021a39d 0000000000000000
0x00007000118a0488:   00007fba639bd000 00007fba6347c410
0x00007000118a0498:   000000011bab9d80 00007fff7c5a2c83
0x00007000118a04a8:   00007fba639bcb28 00007000118a04d0
0x00007000118a04b8:   00007fff201fd33e 0000000000000000
0x00007000118a04c8:   00007fba639bd070 00007000118a04f0
0x00007000118a04d8:   00007fff204171f0 0000000000000000
0x00007000118a04e8:   00007fba6347c410 00007000118a0530
0x00007000118a04f8:   00007fff211a0dfd 00007fff8056bf88
0x00007000118a0508:   0000000000000000 00007fba65085180
0x00007000118a0518:   a9820254b686002c 00007fba65051a90
0x00007000118a0528:   00007fba635f5530 00007000118a0560
0x00007000118a0538:   0000000135618cce 000000011bab9d88
0x00007000118a0548:   0000000000000000 00007000118a05f8
0x00007000118a0558:   00007fba639bc800 00007000118a05d0
0x00007000118a0568:   000000011d063f23 00007000118a05d0
0x00007000118a0578:   000000011d06397e 000000011d063936
0x00007000118a0588:   00007000118a0588 000000011bab9d80
0x00007000118a0598:   00007000118a05f8 000000011baba390
0x00007000118a05a8:   0000000000000000 000000078792c400
0x00007000118a05b8:   000000011bab9d88 0000000000000000
0x00007000118a05c8:   00007000118a05f0 00007000118a0648
0x00007000118a05d8:   000000011d05b010 000000078792c400
0x00007000118a05e8:   000000011d05f698 0000000787937988
0x00007000118a05f8:   0000000787aec868 00007000118a0600
0x00007000118a0608:   000000011bab9c7f 00007000118a0678
0x00007000118a0618:   000000011baba390 0000000000000000
0x00007000118a0628:   000000078792c400 000000011bab9cf0
0x00007000118a0638:   00007000118a05f0 00007000118a0668
0x00007000118a0648:   00007000118a06d8 000000011d05b0e7
0x00007000118a0658:   0000000000000000 0000000787aec868
0x00007000118a0668:   0000000787937988 0000000787aec7a8 

Instructions: (pc=0x00007fff201fc9bf)
0x00007fff201fc8bf:   f6 01 00 4c 89 f7 e8 26 f6 01 00 48 c7 05 c3 09
0x00007fff201fc8cf:   7e 68 00 00 00 00 4d 85 e4 74 23 49 8b 3c 24 49
0x00007fff201fc8df:   8b 5c 24 08 48 85 ff 74 05 e8 0c fc ff ff 4c 89
0x00007fff201fc8ef:   e7 e8 fb f5 01 00 49 89 dc 48 85 db 75 dd 48 8b
0x00007fff201fc8ff:   05 b4 ea e6 5f 48 8b 00 48 3b 45 d8 75 32 48 83
0x00007fff201fc90f:   c4 30 5b 41 5c 41 5e 41 5f 5d c3 31 c0 eb 02 b0
0x00007fff201fc91f:   01 80 3d 87 0a 7e 68 00 0f 84 4a fd ff ff 0f b6
0x00007fff201fc92f:   d0 4c 89 ff 31 f6 e8 a9 ea 01 00 e9 38 fd ff ff
0x00007fff201fc93f:   e8 e0 f4 01 00 48 8d 3d 52 93 02 00 89 c6 31 c0
0x00007fff201fc94f:   e8 1d e1 01 00 4c 89 ff e8 2c e5 01 00 48 89 c3
0x00007fff201fc95f:   65 8b 04 25 18 00 00 00 31 c9 f0 0f b1 0d 6b 09
0x00007fff201fc96f:   7e 68 74 0c 48 8d 3d 62 09 7e 68 e8 25 f6 01 00
0x00007fff201fc97f:   48 89 df e8 55 f4 01 00 0f 0b 90 90 90 90 90 e9
0x00007fff201fc98f:   6b 41 00 00 90 90 90 90 90 90 90 90 90 90 90 90
0x00007fff201fc99f:   90 48 85 ff 74 76 89 f8 83 e0 01 48 85 c0 75 6c
0x00007fff201fc9af:   48 8b 07 48 b9 f8 ff ff ff ff 7f 00 00 48 21 c1
0x00007fff201fc9bf:   48 8b 51 20 f6 c2 04 74 54 a8 01 74 6f 48 b9 00
0x00007fff201fc9cf:   00 00 00 00 00 80 00 48 ba 00 00 00 00 00 00 00
0x00007fff201fc9df:   01 48 39 c8 72 36 48 89 c6 48 29 d6 72 17 f0 48
0x00007fff201fc9ef:   0f b1 37 74 22 a8 01 75 e8 31 f6 ba 01 00 00 00
0x00007fff201fc9ff:   e9 12 ce 01 00 48 85 c8 75 3a 48 8b 35 a0 f7 7d
0x00007fff201fca0f:   68 ff 25 da e9 e6 5f 48 39 ce 72 ee c3 f6 c2 02
0x00007fff201fca1f:   74 0d 66 83 79 1c 00 79 06 f6 41 28 02 75 1f 48
0x00007fff201fca2f:   8b 35 a3 f6 7d 68 ff 25 b5 e9 e6 5f f6 41 1c 01
0x00007fff201fca3f:   74 b7 eb d8 be 01 00 00 00 e9 a5 5c 00 00 48 8b
0x00007fff201fca4f:   05 64 90 79 68 ff e0 90 90 90 90 90 90 90 90 90
0x00007fff201fca5f:   90 90 90 90 90 90 e9 04 00 00 00 90 90 90 90 55
0x00007fff201fca6f:   48 89 e5 53 50 48 89 fb f6 c3 01 75 21 48 b8 07
0x00007fff201fca7f:   00 00 00 00 00 a0 00 48 23 03 48 83 f8 01 75 15
0x00007fff201fca8f:   48 89 df 48 83 c4 08 5b 5d e9 53 f4 01 00 48 83
0x00007fff201fca9f:   c4 08 5b 5d c3 48 89 df e8 39 00 00 00 eb e1 90
0x00007fff201fcaaf:   90 90 90 90 90 90 90 90 90 48 85 ff 74 1c 55 48 


Stack slot to memory mapping:
stack at sp + 0 slots: 0x00007fff2021a39d: _ZN19AutoreleasePoolPage12releaseUntilEPP11objc_object+0xa7 in /usr/lib/libobjc.A.dylib at 0x00007fff201f5000
stack at sp + 1 slots: 0x0 is NULL
stack at sp + 2 slots: 0x00007fba639bd000 points into unknown readable memory: 0x4f545541a1a1a1a1 | a1 a1 a1 a1 41 55 54 4f
stack at sp + 3 slots: 0x00007fba6347c410 points into unknown readable memory: 0x011dffff88410139 | 39 01 41 88 ff ff 1d 01
stack at sp + 4 slots: 0x000000011bab9d80 is pointing into metadata
stack at sp + 5 slots: 0x00007fff7c5a2c83: GCC_except_table772+0x5c3793bf in /usr/lib/libobjc.A.dylib at 0x00007fff201f5000
stack at sp + 6 slots: 0x00007fba639bcb28 points into unknown readable memory: 0x00000001103b7e70 | 70 7e 3b 10 01 00 00 00
stack at sp + 7 slots: 0x00007000118a04d0 is pointing into the stack for thread: 0x00007fba639bc800


---------------  P R O C E S S  ---------------

Threads class SMR info:
_java_thread_list=0x00007fba63683be0, length=16, elements={
0x00007fba640a6400, 0x00007fba64808e00, 0x00007fba640aa000, 0x00007fba640a8600,
0x00007fba640ad200, 0x00007fba63811400, 0x00007fba63813c00, 0x00007fba640ad800,
0x00007fba640eb800, 0x00007fba6581ba00, 0x00007fba640ebe00, 0x00007fba63814200,
0x00007fba6389ea00, 0x00007fba6398f400, 0x00007fba639bc800, 0x00007fba6487d000
}

Java Threads: ( => current thread )
  0x00007fba640a6400 JavaThread "Reference Handler" daemon [_thread_blocked, id=13059, stack(0x0000700010459000,0x0000700010559000)]
  0x00007fba64808e00 JavaThread "Finalizer" daemon [_thread_blocked, id=13571, stack(0x000070001055c000,0x000070001065c000)]
  0x00007fba640aa000 JavaThread "Signal Dispatcher" daemon [_thread_blocked, id=42755, stack(0x0000700010765000,0x0000700010865000)]
  0x00007fba640a8600 JavaThread "Service Thread" daemon [_thread_blocked, id=41987, stack(0x0000700010868000,0x0000700010968000)]
  0x00007fba640ad200 JavaThread "C2 CompilerThread0" daemon [_thread_blocked, id=41219, stack(0x000070001096b000,0x0000700010a6b000)]
  0x00007fba63811400 JavaThread "C1 CompilerThread0" daemon [_thread_blocked, id=40451, stack(0x0000700010a6e000,0x0000700010b6e000)]
  0x00007fba63813c00 JavaThread "Sweeper thread" daemon [_thread_blocked, id=24579, stack(0x0000700010b71000,0x0000700010c71000)]
  0x00007fba640ad800 JavaThread "JDWP Transport Listener: dt_socket" daemon [_thread_blocked, id=25347, stack(0x0000700010c74000,0x0000700010d74000)]
  0x00007fba640eb800 JavaThread "JDWP Event Helper Thread" daemon [_thread_blocked, id=25859, stack(0x0000700010d77000,0x0000700010e77000)]
  0x00007fba6581ba00 JavaThread "JDWP Command Reader" daemon [_thread_in_native, id=26371, stack(0x0000700010e7a000,0x0000700010f7a000)]
  0x00007fba640ebe00 JavaThread "Notification Thread" daemon [_thread_blocked, id=38403, stack(0x0000700010f7d000,0x000070001107d000)]
  0x00007fba63814200 JavaThread "Common-Cleaner" daemon [_thread_blocked, id=37635, stack(0x0000700011183000,0x0000700011283000)]
  0x00007fba6389ea00 JavaThread "AppKit Thread" daemon [_thread_in_native, id=775, stack(0x00007ffee1e70000,0x00007ffee2670000)]
  0x00007fba6398f400 JavaThread "AWT-Shutdown" [_thread_blocked, id=45059, stack(0x0000700011286000,0x0000700011386000)]
=>0x00007fba639bc800 JavaThread "LWJGL Application" [_thread_in_native, id=67587, stack(0x00007000117a1000,0x00007000118a1000)]
  0x00007fba6487d000 JavaThread "DestroyJavaVM" [_thread_blocked, id=5635, stack(0x000070000fd44000,0x000070000fe44000)]

Other Threads:
  0x00007fba63412410 VMThread "VM Thread" [stack: 0x0000700010356000,0x0000700010456000] [id=12547]
  0x00007fba6341cee0 WatcherThread [stack: 0x0000700011080000,0x0000700011180000] [id=26883]
  0x00007fba6351edb0 GCTaskThread "GC Thread#0" [stack: 0x000070000fe47000,0x000070000ff47000] [id=18691]
  0x00007fba6351ff60 ConcurrentGCThread "G1 Main Marker" [stack: 0x000070000ff4a000,0x000070001004a000] [id=18435]
  0x00007fba63521060 ConcurrentGCThread "G1 Conc#0" [stack: 0x000070001004d000,0x000070001014d000] [id=17667]
  0x00007fba6353cac0 ConcurrentGCThread "G1 Refine#0" [stack: 0x0000700010150000,0x0000700010250000] [id=12035]
  0x00007fba6340bf20 ConcurrentGCThread "G1 Young RemSet Sampling" [stack: 0x0000700010253000,0x0000700010353000] [id=16643]

Threads with active compile tasks:

VM state: not at safepoint (normal execution)

VM Mutex/Monitor currently owned by a thread: None

Heap address: 0x0000000780000000, size: 2048 MB, Compressed Oops mode: Zero based, Oop shift amount: 3
CDS archive(s) mapped at: [0x0000000800000000-0x0000000800b2c000-0x0000000800b2c000), size 11714560, SharedBaseAddress: 0x0000000800000000, ArchiveRelocationMode: 0.
Compressed class space mapped at: 0x0000000800b2c000-0x0000000840b2c000, size: 1073741824
Narrow klass base: 0x0000000800000000, Narrow klass shift: 3, Narrow klass range: 0x100000000

GC Precious Log:
 CPUs: 4 total, 4 available
 Memory: 8192M
 Large Page Support: Disabled
 NUMA Support: Disabled
 Compressed Oops: Enabled (Zero based)
 Heap Region Size: 1M
 Heap Min Capacity: 8M
 Heap Initial Capacity: 128M
 Heap Max Capacity: 2G
 Pre-touch: Disabled
 Parallel Workers: 4
 Concurrent Workers: 1
 Concurrent Refinement Workers: 4
 Periodic GC: Disabled

Heap:
 garbage-first heap   total 133120K, used 6952K [0x0000000780000000, 0x0000000800000000)
  region size 1024K, 7 young (7168K), 0 survivors (0K)
 Metaspace       used 3554K, capacity 5660K, committed 6016K, reserved 1056768K
  class space    used 332K, capacity 519K, committed 640K, reserved 1048576K

Heap Regions: E=young(eden), S=young(survivor), O=old, HS=humongous(starts), HC=humongous(continues), CS=collection set, F=free, OA=open archive, CA=closed archive, TAMS=top-at-mark-start (previous, next)
|   0|0x0000000780000000, 0x0000000780000000, 0x0000000780100000|  0%| F|  |TAMS 0x0000000780000000, 0x0000000780000000| Untracked 
|   1|0x0000000780100000, 0x0000000780100000, 0x0000000780200000|  0%| F|  |TAMS 0x0000000780100000, 0x0000000780100000| Untracked 
|   2|0x0000000780200000, 0x0000000780200000, 0x0000000780300000|  0%| F|  |TAMS 0x0000000780200000, 0x0000000780200000| Untracked 
|   3|0x0000000780300000, 0x0000000780300000, 0x0000000780400000|  0%| F|  |TAMS 0x0000000780300000, 0x0000000780300000| Untracked 
|   4|0x0000000780400000, 0x0000000780400000, 0x0000000780500000|  0%| F|  |TAMS 0x0000000780400000, 0x0000000780400000| Untracked 
|   5|0x0000000780500000, 0x0000000780500000, 0x0000000780600000|  0%| F|  |TAMS 0x0000000780500000, 0x0000000780500000| Untracked 
|   6|0x0000000780600000, 0x0000000780600000, 0x0000000780700000|  0%| F|  |TAMS 0x0000000780600000, 0x0000000780600000| Untracked 
|   7|0x0000000780700000, 0x0000000780700000, 0x0000000780800000|  0%| F|  |TAMS 0x0000000780700000, 0x0000000780700000| Untracked 
|   8|0x0000000780800000, 0x0000000780800000, 0x0000000780900000|  0%| F|  |TAMS 0x0000000780800000, 0x0000000780800000| Untracked 
|   9|0x0000000780900000, 0x0000000780900000, 0x0000000780a00000|  0%| F|  |TAMS 0x0000000780900000, 0x0000000780900000| Untracked 
|  10|0x0000000780a00000, 0x0000000780a00000, 0x0000000780b00000|  0%| F|  |TAMS 0x0000000780a00000, 0x0000000780a00000| Untracked 
|  11|0x0000000780b00000, 0x0000000780b00000, 0x0000000780c00000|  0%| F|  |TAMS 0x0000000780b00000, 0x0000000780b00000| Untracked 
|  12|0x0000000780c00000, 0x0000000780c00000, 0x0000000780d00000|  0%| F|  |TAMS 0x0000000780c00000, 0x0000000780c00000| Untracked 
|  13|0x0000000780d00000, 0x0000000780d00000, 0x0000000780e00000|  0%| F|  |TAMS 0x0000000780d00000, 0x0000000780d00000| Untracked 
|  14|0x0000000780e00000, 0x0000000780e00000, 0x0000000780f00000|  0%| F|  |TAMS 0x0000000780e00000, 0x0000000780e00000| Untracked 
|  15|0x0000000780f00000, 0x0000000780f00000, 0x0000000781000000|  0%| F|  |TAMS 0x0000000780f00000, 0x0000000780f00000| Untracked 
|  16|0x0000000781000000, 0x0000000781000000, 0x0000000781100000|  0%| F|  |TAMS 0x0000000781000000, 0x0000000781000000| Untracked 
|  17|0x0000000781100000, 0x0000000781100000, 0x0000000781200000|  0%| F|  |TAMS 0x0000000781100000, 0x0000000781100000| Untracked 
|  18|0x0000000781200000, 0x0000000781200000, 0x0000000781300000|  0%| F|  |TAMS 0x0000000781200000, 0x0000000781200000| Untracked 
|  19|0x0000000781300000, 0x0000000781300000, 0x0000000781400000|  0%| F|  |TAMS 0x0000000781300000, 0x0000000781300000| Untracked 
|  20|0x0000000781400000, 0x0000000781400000, 0x0000000781500000|  0%| F|  |TAMS 0x0000000781400000, 0x0000000781400000| Untracked 
|  21|0x0000000781500000, 0x0000000781500000, 0x0000000781600000|  0%| F|  |TAMS 0x0000000781500000, 0x0000000781500000| Untracked 
|  22|0x0000000781600000, 0x0000000781600000, 0x0000000781700000|  0%| F|  |TAMS 0x0000000781600000, 0x0000000781600000| Untracked 
|  23|0x0000000781700000, 0x0000000781700000, 0x0000000781800000|  0%| F|  |TAMS 0x0000000781700000, 0x0000000781700000| Untracked 
|  24|0x0000000781800000, 0x0000000781800000, 0x0000000781900000|  0%| F|  |TAMS 0x0000000781800000, 0x0000000781800000| Untracked 
|  25|0x0000000781900000, 0x0000000781900000, 0x0000000781a00000|  0%| F|  |TAMS 0x0000000781900000, 0x0000000781900000| Untracked 
|  26|0x0000000781a00000, 0x0000000781a00000, 0x0000000781b00000|  0%| F|  |TAMS 0x0000000781a00000, 0x0000000781a00000| Untracked 
|  27|0x0000000781b00000, 0x0000000781b00000, 0x0000000781c00000|  0%| F|  |TAMS 0x0000000781b00000, 0x0000000781b00000| Untracked 
|  28|0x0000000781c00000, 0x0000000781c00000, 0x0000000781d00000|  0%| F|  |TAMS 0x0000000781c00000, 0x0000000781c00000| Untracked 
|  29|0x0000000781d00000, 0x0000000781d00000, 0x0000000781e00000|  0%| F|  |TAMS 0x0000000781d00000, 0x0000000781d00000| Untracked 
|  30|0x0000000781e00000, 0x0000000781e00000, 0x0000000781f00000|  0%| F|  |TAMS 0x0000000781e00000, 0x0000000781e00000| Untracked 
|  31|0x0000000781f00000, 0x0000000781f00000, 0x0000000782000000|  0%| F|  |TAMS 0x0000000781f00000, 0x0000000781f00000| Untracked 
|  32|0x0000000782000000, 0x0000000782000000, 0x0000000782100000|  0%| F|  |TAMS 0x0000000782000000, 0x0000000782000000| Untracked 
|  33|0x0000000782100000, 0x0000000782100000, 0x0000000782200000|  0%| F|  |TAMS 0x0000000782100000, 0x0000000782100000| Untracked 
|  34|0x0000000782200000, 0x0000000782200000, 0x0000000782300000|  0%| F|  |TAMS 0x0000000782200000, 0x0000000782200000| Untracked 
|  35|0x0000000782300000, 0x0000000782300000, 0x0000000782400000|  0%| F|  |TAMS 0x0000000782300000, 0x0000000782300000| Untracked 
|  36|0x0000000782400000, 0x0000000782400000, 0x0000000782500000|  0%| F|  |TAMS 0x0000000782400000, 0x0000000782400000| Untracked 
|  37|0x0000000782500000, 0x0000000782500000, 0x0000000782600000|  0%| F|  |TAMS 0x0000000782500000, 0x0000000782500000| Untracked 
|  38|0x0000000782600000, 0x0000000782600000, 0x0000000782700000|  0%| F|  |TAMS 0x0000000782600000, 0x0000000782600000| Untracked 
|  39|0x0000000782700000, 0x0000000782700000, 0x0000000782800000|  0%| F|  |TAMS 0x0000000782700000, 0x0000000782700000| Untracked 
|  40|0x0000000782800000, 0x0000000782800000, 0x0000000782900000|  0%| F|  |TAMS 0x0000000782800000, 0x0000000782800000| Untracked 
|  41|0x0000000782900000, 0x0000000782900000, 0x0000000782a00000|  0%| F|  |TAMS 0x0000000782900000, 0x0000000782900000| Untracked 
|  42|0x0000000782a00000, 0x0000000782a00000, 0x0000000782b00000|  0%| F|  |TAMS 0x0000000782a00000, 0x0000000782a00000| Untracked 
|  43|0x0000000782b00000, 0x0000000782b00000, 0x0000000782c00000|  0%| F|  |TAMS 0x0000000782b00000, 0x0000000782b00000| Untracked 
|  44|0x0000000782c00000, 0x0000000782c00000, 0x0000000782d00000|  0%| F|  |TAMS 0x0000000782c00000, 0x0000000782c00000| Untracked 
|  45|0x0000000782d00000, 0x0000000782d00000, 0x0000000782e00000|  0%| F|  |TAMS 0x0000000782d00000, 0x0000000782d00000| Untracked 
|  46|0x0000000782e00000, 0x0000000782e00000, 0x0000000782f00000|  0%| F|  |TAMS 0x0000000782e00000, 0x0000000782e00000| Untracked 
|  47|0x0000000782f00000, 0x0000000782f00000, 0x0000000783000000|  0%| F|  |TAMS 0x0000000782f00000, 0x0000000782f00000| Untracked 
|  48|0x0000000783000000, 0x0000000783000000, 0x0000000783100000|  0%| F|  |TAMS 0x0000000783000000, 0x0000000783000000| Untracked 
|  49|0x0000000783100000, 0x0000000783100000, 0x0000000783200000|  0%| F|  |TAMS 0x0000000783100000, 0x0000000783100000| Untracked 
|  50|0x0000000783200000, 0x0000000783200000, 0x0000000783300000|  0%| F|  |TAMS 0x0000000783200000, 0x0000000783200000| Untracked 
|  51|0x0000000783300000, 0x0000000783300000, 0x0000000783400000|  0%| F|  |TAMS 0x0000000783300000, 0x0000000783300000| Untracked 
|  52|0x0000000783400000, 0x0000000783400000, 0x0000000783500000|  0%| F|  |TAMS 0x0000000783400000, 0x0000000783400000| Untracked 
|  53|0x0000000783500000, 0x0000000783500000, 0x0000000783600000|  0%| F|  |TAMS 0x0000000783500000, 0x0000000783500000| Untracked 
|  54|0x0000000783600000, 0x0000000783600000, 0x0000000783700000|  0%| F|  |TAMS 0x0000000783600000, 0x0000000783600000| Untracked 
|  55|0x0000000783700000, 0x0000000783700000, 0x0000000783800000|  0%| F|  |TAMS 0x0000000783700000, 0x0000000783700000| Untracked 
|  56|0x0000000783800000, 0x0000000783800000, 0x0000000783900000|  0%| F|  |TAMS 0x0000000783800000, 0x0000000783800000| Untracked 
|  57|0x0000000783900000, 0x0000000783900000, 0x0000000783a00000|  0%| F|  |TAMS 0x0000000783900000, 0x0000000783900000| Untracked 
|  58|0x0000000783a00000, 0x0000000783a00000, 0x0000000783b00000|  0%| F|  |TAMS 0x0000000783a00000, 0x0000000783a00000| Untracked 
|  59|0x0000000783b00000, 0x0000000783b00000, 0x0000000783c00000|  0%| F|  |TAMS 0x0000000783b00000, 0x0000000783b00000| Untracked 
|  60|0x0000000783c00000, 0x0000000783c00000, 0x0000000783d00000|  0%| F|  |TAMS 0x0000000783c00000, 0x0000000783c00000| Untracked 
|  61|0x0000000783d00000, 0x0000000783d00000, 0x0000000783e00000|  0%| F|  |TAMS 0x0000000783d00000, 0x0000000783d00000| Untracked 
|  62|0x0000000783e00000, 0x0000000783e00000, 0x0000000783f00000|  0%| F|  |TAMS 0x0000000783e00000, 0x0000000783e00000| Untracked 
|  63|0x0000000783f00000, 0x0000000783f00000, 0x0000000784000000|  0%| F|  |TAMS 0x0000000783f00000, 0x0000000783f00000| Untracked 
|  64|0x0000000784000000, 0x0000000784000000, 0x0000000784100000|  0%| F|  |TAMS 0x0000000784000000, 0x0000000784000000| Untracked 
|  65|0x0000000784100000, 0x0000000784100000, 0x0000000784200000|  0%| F|  |TAMS 0x0000000784100000, 0x0000000784100000| Untracked 
|  66|0x0000000784200000, 0x0000000784200000, 0x0000000784300000|  0%| F|  |TAMS 0x0000000784200000, 0x0000000784200000| Untracked 
|  67|0x0000000784300000, 0x0000000784300000, 0x0000000784400000|  0%| F|  |TAMS 0x0000000784300000, 0x0000000784300000| Untracked 
|  68|0x0000000784400000, 0x0000000784400000, 0x0000000784500000|  0%| F|  |TAMS 0x0000000784400000, 0x0000000784400000| Untracked 
|  69|0x0000000784500000, 0x0000000784500000, 0x0000000784600000|  0%| F|  |TAMS 0x0000000784500000, 0x0000000784500000| Untracked 
|  70|0x0000000784600000, 0x0000000784600000, 0x0000000784700000|  0%| F|  |TAMS 0x0000000784600000, 0x0000000784600000| Untracked 
|  71|0x0000000784700000, 0x0000000784700000, 0x0000000784800000|  0%| F|  |TAMS 0x0000000784700000, 0x0000000784700000| Untracked 
|  72|0x0000000784800000, 0x0000000784800000, 0x0000000784900000|  0%| F|  |TAMS 0x0000000784800000, 0x0000000784800000| Untracked 
|  73|0x0000000784900000, 0x0000000784900000, 0x0000000784a00000|  0%| F|  |TAMS 0x0000000784900000, 0x0000000784900000| Untracked 
|  74|0x0000000784a00000, 0x0000000784a00000, 0x0000000784b00000|  0%| F|  |TAMS 0x0000000784a00000, 0x0000000784a00000| Untracked 
|  75|0x0000000784b00000, 0x0000000784b00000, 0x0000000784c00000|  0%| F|  |TAMS 0x0000000784b00000, 0x0000000784b00000| Untracked 
|  76|0x0000000784c00000, 0x0000000784c00000, 0x0000000784d00000|  0%| F|  |TAMS 0x0000000784c00000, 0x0000000784c00000| Untracked 
|  77|0x0000000784d00000, 0x0000000784d00000, 0x0000000784e00000|  0%| F|  |TAMS 0x0000000784d00000, 0x0000000784d00000| Untracked 
|  78|0x0000000784e00000, 0x0000000784e00000, 0x0000000784f00000|  0%| F|  |TAMS 0x0000000784e00000, 0x0000000784e00000| Untracked 
|  79|0x0000000784f00000, 0x0000000784f00000, 0x0000000785000000|  0%| F|  |TAMS 0x0000000784f00000, 0x0000000784f00000| Untracked 
|  80|0x0000000785000000, 0x0000000785000000, 0x0000000785100000|  0%| F|  |TAMS 0x0000000785000000, 0x0000000785000000| Untracked 
|  81|0x0000000785100000, 0x0000000785100000, 0x0000000785200000|  0%| F|  |TAMS 0x0000000785100000, 0x0000000785100000| Untracked 
|  82|0x0000000785200000, 0x0000000785200000, 0x0000000785300000|  0%| F|  |TAMS 0x0000000785200000, 0x0000000785200000| Untracked 
|  83|0x0000000785300000, 0x0000000785300000, 0x0000000785400000|  0%| F|  |TAMS 0x0000000785300000, 0x0000000785300000| Untracked 
|  84|0x0000000785400000, 0x0000000785400000, 0x0000000785500000|  0%| F|  |TAMS 0x0000000785400000, 0x0000000785400000| Untracked 
|  85|0x0000000785500000, 0x0000000785500000, 0x0000000785600000|  0%| F|  |TAMS 0x0000000785500000, 0x0000000785500000| Untracked 
|  86|0x0000000785600000, 0x0000000785600000, 0x0000000785700000|  0%| F|  |TAMS 0x0000000785600000, 0x0000000785600000| Untracked 
|  87|0x0000000785700000, 0x0000000785700000, 0x0000000785800000|  0%| F|  |TAMS 0x0000000785700000, 0x0000000785700000| Untracked 
|  88|0x0000000785800000, 0x0000000785800000, 0x0000000785900000|  0%| F|  |TAMS 0x0000000785800000, 0x0000000785800000| Untracked 
|  89|0x0000000785900000, 0x0000000785900000, 0x0000000785a00000|  0%| F|  |TAMS 0x0000000785900000, 0x0000000785900000| Untracked 
|  90|0x0000000785a00000, 0x0000000785a00000, 0x0000000785b00000|  0%| F|  |TAMS 0x0000000785a00000, 0x0000000785a00000| Untracked 
|  91|0x0000000785b00000, 0x0000000785b00000, 0x0000000785c00000|  0%| F|  |TAMS 0x0000000785b00000, 0x0000000785b00000| Untracked 
|  92|0x0000000785c00000, 0x0000000785c00000, 0x0000000785d00000|  0%| F|  |TAMS 0x0000000785c00000, 0x0000000785c00000| Untracked 
|  93|0x0000000785d00000, 0x0000000785d00000, 0x0000000785e00000|  0%| F|  |TAMS 0x0000000785d00000, 0x0000000785d00000| Untracked 
|  94|0x0000000785e00000, 0x0000000785e00000, 0x0000000785f00000|  0%| F|  |TAMS 0x0000000785e00000, 0x0000000785e00000| Untracked 
|  95|0x0000000785f00000, 0x0000000785f00000, 0x0000000786000000|  0%| F|  |TAMS 0x0000000785f00000, 0x0000000785f00000| Untracked 
|  96|0x0000000786000000, 0x0000000786000000, 0x0000000786100000|  0%| F|  |TAMS 0x0000000786000000, 0x0000000786000000| Untracked 
|  97|0x0000000786100000, 0x0000000786100000, 0x0000000786200000|  0%| F|  |TAMS 0x0000000786100000, 0x0000000786100000| Untracked 
|  98|0x0000000786200000, 0x0000000786200000, 0x0000000786300000|  0%| F|  |TAMS 0x0000000786200000, 0x0000000786200000| Untracked 
|  99|0x0000000786300000, 0x0000000786300000, 0x0000000786400000|  0%| F|  |TAMS 0x0000000786300000, 0x0000000786300000| Untracked 
| 100|0x0000000786400000, 0x0000000786400000, 0x0000000786500000|  0%| F|  |TAMS 0x0000000786400000, 0x0000000786400000| Untracked 
| 101|0x0000000786500000, 0x0000000786500000, 0x0000000786600000|  0%| F|  |TAMS 0x0000000786500000, 0x0000000786500000| Untracked 
| 102|0x0000000786600000, 0x0000000786600000, 0x0000000786700000|  0%| F|  |TAMS 0x0000000786600000, 0x0000000786600000| Untracked 
| 103|0x0000000786700000, 0x0000000786700000, 0x0000000786800000|  0%| F|  |TAMS 0x0000000786700000, 0x0000000786700000| Untracked 
| 104|0x0000000786800000, 0x0000000786800000, 0x0000000786900000|  0%| F|  |TAMS 0x0000000786800000, 0x0000000786800000| Untracked 
| 105|0x0000000786900000, 0x0000000786900000, 0x0000000786a00000|  0%| F|  |TAMS 0x0000000786900000, 0x0000000786900000| Untracked 
| 106|0x0000000786a00000, 0x0000000786a00000, 0x0000000786b00000|  0%| F|  |TAMS 0x0000000786a00000, 0x0000000786a00000| Untracked 
| 107|0x0000000786b00000, 0x0000000786b00000, 0x0000000786c00000|  0%| F|  |TAMS 0x0000000786b00000, 0x0000000786b00000| Untracked 
| 108|0x0000000786c00000, 0x0000000786c00000, 0x0000000786d00000|  0%| F|  |TAMS 0x0000000786c00000, 0x0000000786c00000| Untracked 
| 109|0x0000000786d00000, 0x0000000786d00000, 0x0000000786e00000|  0%| F|  |TAMS 0x0000000786d00000, 0x0000000786d00000| Untracked 
| 110|0x0000000786e00000, 0x0000000786e00000, 0x0000000786f00000|  0%| F|  |TAMS 0x0000000786e00000, 0x0000000786e00000| Untracked 
| 111|0x0000000786f00000, 0x0000000786f00000, 0x0000000787000000|  0%| F|  |TAMS 0x0000000786f00000, 0x0000000786f00000| Untracked 
| 112|0x0000000787000000, 0x0000000787000000, 0x0000000787100000|  0%| F|  |TAMS 0x0000000787000000, 0x0000000787000000| Untracked 
| 113|0x0000000787100000, 0x0000000787100000, 0x0000000787200000|  0%| F|  |TAMS 0x0000000787100000, 0x0000000787100000| Untracked 
| 114|0x0000000787200000, 0x0000000787200000, 0x0000000787300000|  0%| F|  |TAMS 0x0000000787200000, 0x0000000787200000| Untracked 
| 115|0x0000000787300000, 0x0000000787300000, 0x0000000787400000|  0%| F|  |TAMS 0x0000000787300000, 0x0000000787300000| Untracked 
| 116|0x0000000787400000, 0x0000000787400000, 0x0000000787500000|  0%| F|  |TAMS 0x0000000787400000, 0x0000000787400000| Untracked 
| 117|0x0000000787500000, 0x0000000787500000, 0x0000000787600000|  0%| F|  |TAMS 0x0000000787500000, 0x0000000787500000| Untracked 
| 118|0x0000000787600000, 0x0000000787600000, 0x0000000787700000|  0%| F|  |TAMS 0x0000000787600000, 0x0000000787600000| Untracked 
| 119|0x0000000787700000, 0x0000000787700000, 0x0000000787800000|  0%| F|  |TAMS 0x0000000787700000, 0x0000000787700000| Untracked 
| 120|0x0000000787800000, 0x0000000787800000, 0x0000000787900000|  0%| F|  |TAMS 0x0000000787800000, 0x0000000787800000| Untracked 
| 121|0x0000000787900000, 0x0000000787943220, 0x0000000787a00000| 26%| E|  |TAMS 0x0000000787900000, 0x0000000787900000| Complete 
| 122|0x0000000787a00000, 0x0000000787b00000, 0x0000000787b00000|100%| E|CS|TAMS 0x0000000787a00000, 0x0000000787a00000| Complete 
| 123|0x0000000787b00000, 0x0000000787c00000, 0x0000000787c00000|100%| E|CS|TAMS 0x0000000787b00000, 0x0000000787b00000| Complete 
| 124|0x0000000787c00000, 0x0000000787d00000, 0x0000000787d00000|100%| E|CS|TAMS 0x0000000787c00000, 0x0000000787c00000| Complete 
| 125|0x0000000787d00000, 0x0000000787e00000, 0x0000000787e00000|100%| E|CS|TAMS 0x0000000787d00000, 0x0000000787d00000| Complete 
| 126|0x0000000787e00000, 0x0000000787f00000, 0x0000000787f00000|100%| E|CS|TAMS 0x0000000787e00000, 0x0000000787e00000| Complete 
| 127|0x0000000787f00000, 0x0000000788000000, 0x0000000788000000|100%| E|CS|TAMS 0x0000000787f00000, 0x0000000787f00000| Complete 
|1022|0x00000007bfe00000, 0x00000007bfe51000, 0x00000007bff00000| 31%|OA|  |TAMS 0x00000007bfe00000, 0x00000007bfe00000| Untracked 
|1023|0x00000007bff00000, 0x00000007bff79000, 0x00000007c0000000| 47%|CA|  |TAMS 0x00000007bff00000, 0x00000007bff00000| Untracked 

Card table byte_map: [0x0000000118da9000,0x00000001191a9000] _byte_map_base: 0x00000001151a9000

Marking Bits (Prev, Next): (CMBitMap*) 0x00007fba64031010, (CMBitMap*) 0x00007fba64031050
 Prev Bits: [0x00000001195a9000, 0x000000011b5a9000)
 Next Bits: [0x000000012c04f000, 0x000000012e04f000)

Polling page: 0x000000010d5ce000

Metaspace:

Usage:
  Non-class:      5.02 MB capacity,     3.15 MB ( 63%) used,     1.87 MB ( 37%) free+waste,     5.56 KB ( <1%) overhead. 
      Class:    519.00 KB capacity,   332.55 KB ( 64%) used,   184.01 KB ( 35%) free+waste,     2.44 KB ( <1%) overhead. 
       Both:      5.53 MB capacity,     3.47 MB ( 63%) used,     2.05 MB ( 37%) free+waste,     8.00 KB ( <1%) overhead. 

Virtual space:
  Non-class space:        8.00 MB reserved,       5.25 MB ( 66%) committed 
      Class space:        1.00 GB reserved,     640.00 KB ( <1%) committed 
             Both:        1.01 GB reserved,       5.88 MB ( <1%) committed 

Chunk freelists:
   Non-Class:  59.00 KB
       Class:  9.00 KB
        Both:  68.00 KB

MaxMetaspaceSize: 17179869184.00 GB
CompressedClassSpaceSize: 1.00 GB

CodeHeap 'non-profiled nmethods': size=120032Kb used=169Kb max_used=169Kb free=119862Kb
 bounds [0x0000000124b17000, 0x0000000124d87000, 0x000000012c04f000]
CodeHeap 'profiled nmethods': size=120028Kb used=808Kb max_used=808Kb free=119220Kb
 bounds [0x000000011d5e0000, 0x000000011d850000, 0x0000000124b17000]
CodeHeap 'non-nmethods': size=5700Kb used=1224Kb max_used=1224Kb free=4475Kb
 bounds [0x000000011d04f000, 0x000000011d2bf000, 0x000000011d5e0000]
 total_blobs=924 nmethods=512 adapters=326
 compilation: enabled
              stopped_count=0, restarted_count=0
 full_count=0

Compilation events (20 events):
Event: 0.896 Thread 0x00007fba63811400  501       3       java.lang.System$2::findBootstrapClassOrNull (6 bytes)
Event: 0.897 Thread 0x00007fba63811400 nmethod 501 0x000000011d6a4f10 code [0x000000011d6a50c0, 0x000000011d6a5370]
Event: 0.901 Thread 0x00007fba63811400  503       3       jdk.internal.loader.BuiltinClassLoader::findLoadedModule (33 bytes)
Event: 0.901 Thread 0x00007fba63811400 nmethod 503 0x000000011d6a5490 code [0x000000011d6a56a0, 0x000000011d6a5cd0]
Event: 0.972 Thread 0x00007fba63811400  504       3       jdk.internal.ref.PhantomCleanable::<init> (49 bytes)
Event: 0.973 Thread 0x00007fba63811400 nmethod 504 0x000000011d6a5f10 code [0x000000011d6a6160, 0x000000011d6a6cd0]
Event: 0.973 Thread 0x00007fba63811400  505   !   3       jdk.internal.ref.PhantomCleanable::insert (53 bytes)
Event: 0.973 Thread 0x00007fba63811400 nmethod 505 0x000000011d6a7010 code [0x000000011d6a71c0, 0x000000011d6a7550]
Event: 0.982 Thread 0x00007fba63811400  507       3       java.nio.DirectIntBufferU::ix (10 bytes)
Event: 0.982 Thread 0x00007fba63811400 nmethod 507 0x000000011d6a7710 code [0x000000011d6a78a0, 0x000000011d6a79b0]
Event: 0.986 Thread 0x00007fba63811400  510       3       java.lang.Integer::valueOf (32 bytes)
Event: 0.986 Thread 0x00007fba63811400 nmethod 510 0x000000011d6a7a10 code [0x000000011d6a7bc0, 0x000000011d6a7ed0]
Event: 0.987 Thread 0x00007fba63811400  508       3       java.lang.ClassLoader::loadClass (7 bytes)
Event: 0.987 Thread 0x00007fba63811400 nmethod 508 0x000000011d6a8010 code [0x000000011d6a81a0, 0x000000011d6a8380]
Event: 0.987 Thread 0x00007fba63811400  509       3       jdk.internal.loader.ClassLoaders$AppClassLoader::loadClass (40 bytes)
Event: 0.989 Thread 0x00007fba63811400 nmethod 509 0x000000011d6a8410 code [0x000000011d6a8660, 0x000000011d6a8fb0]
Event: 1.000 Thread 0x00007fba63811400  511       3       jdk.internal.access.SharedSecrets::javaUtilJarAccess (15 bytes)
Event: 1.005 Thread 0x00007fba63811400 nmethod 511 0x000000011d6a9390 code [0x000000011d6a9560, 0x000000011d6a9900]
Event: 1.098 Thread 0x00007fba63811400  512       3       java.util.HashSet::isEmpty (8 bytes)
Event: 1.098 Thread 0x00007fba63811400 nmethod 512 0x000000011d6a9b10 code [0x000000011d6a9ca0, 0x000000011d6a9ef0]

GC Heap History (0 events):
No events

Deoptimization events (18 events):
Event: 0.128 Thread 0x00007fba6380b600 DEOPT PACKING pc=0x000000011d5efc89 sp=0x000070000fe3f550
Event: 0.128 Thread 0x00007fba6380b600 DEOPT UNPACKING pc=0x000000011d09cf2b sp=0x000070000fe3eab0 mode 0
Event: 0.128 Thread 0x00007fba6380b600 DEOPT PACKING pc=0x000000011d5f0606 sp=0x000070000fe3f5b0
Event: 0.128 Thread 0x00007fba6380b600 DEOPT UNPACKING pc=0x000000011d09cf2b sp=0x000070000fe3ea90 mode 0
Event: 0.129 Thread 0x00007fba6380b600 DEOPT PACKING pc=0x000000011d5efc89 sp=0x000070000fe3f550
Event: 0.129 Thread 0x00007fba6380b600 DEOPT UNPACKING pc=0x000000011d09cf2b sp=0x000070000fe3eab0 mode 0
Event: 0.129 Thread 0x00007fba6380b600 DEOPT PACKING pc=0x000000011d5f0606 sp=0x000070000fe3f5b0
Event: 0.129 Thread 0x00007fba6380b600 DEOPT UNPACKING pc=0x000000011d09cf2b sp=0x000070000fe3ea90 mode 0
Event: 0.129 Thread 0x00007fba6380b600 DEOPT PACKING pc=0x000000011d5efc89 sp=0x000070000fe3f550
Event: 0.129 Thread 0x00007fba6380b600 DEOPT UNPACKING pc=0x000000011d09cf2b sp=0x000070000fe3eab0 mode 0
Event: 0.129 Thread 0x00007fba6380b600 DEOPT PACKING pc=0x000000011d5f0606 sp=0x000070000fe3f5b0
Event: 0.129 Thread 0x00007fba6380b600 DEOPT UNPACKING pc=0x000000011d09cf2b sp=0x000070000fe3ea90 mode 0
Event: 0.129 Thread 0x00007fba6380b600 DEOPT PACKING pc=0x000000011d5efc89 sp=0x000070000fe3f550
Event: 0.129 Thread 0x00007fba6380b600 DEOPT UNPACKING pc=0x000000011d09cf2b sp=0x000070000fe3eab0 mode 0
Event: 0.129 Thread 0x00007fba6380b600 DEOPT PACKING pc=0x000000011d5f0606 sp=0x000070000fe3f5b0
Event: 0.129 Thread 0x00007fba6380b600 DEOPT UNPACKING pc=0x000000011d09cf2b sp=0x000070000fe3ea90 mode 0
Event: 0.283 Thread 0x00007fba6380b600 DEOPT PACKING pc=0x000000011d5f5f72 sp=0x000070000fe43120
Event: 0.283 Thread 0x00007fba6380b600 DEOPT UNPACKING pc=0x000000011d09cf2b sp=0x000070000fe425a0 mode 0

Classes unloaded (0 events):
No events

Classes redefined (0 events):
No events

Internal exceptions (9 events):
Event: 0.251 Thread 0x00007fba6380b600 Exception <a 'java/lang/NoSuchMethodError'{0x0000000787d84e98}: 'void java.lang.invoke.DirectMethodHandle$Holder.invokeStatic(java.lang.Object, java.lang.Object)'> (0x0000000787d84e98) 
thrown [./open/src/hotspot/share/interpreter/linkResolver.cpp, line 782]
Event: 0.252 Thread 0x00007fba6380b600 Exception <a 'java/lang/NoSuchMethodError'{0x0000000787d89308}: 'void java.lang.invoke.DirectMethodHandle$Holder.invokeStaticInit(java.lang.Object, java.lang.Object)'> (0x0000000787d89308) 
thrown [./open/src/hotspot/share/interpreter/linkResolver.cpp, line 782]
Event: 0.317 Thread 0x00007fba6380b600 Exception <a 'java/lang/ClassNotFoundException'{0x0000000787c48d90}: sun/awt/resources/spi/awtProvider> (0x0000000787c48d90) 
thrown [./open/src/hotspot/share/classfile/systemDictionary.cpp, line 295]
Event: 0.359 Thread 0x00007fba6380b600 Exception <a 'java/io/FileNotFoundException'{0x0000000787c942d0}> (0x0000000787c942d0) 
thrown [./open/src/hotspot/share/prims/jni.cpp, line 578]
Event: 0.370 Thread 0x00007fba6380b600 Exception <a 'java/io/FileNotFoundException'{0x0000000787cc2a18}> (0x0000000787cc2a18) 
thrown [./open/src/hotspot/share/prims/jni.cpp, line 578]
Event: 0.370 Thread 0x00007fba6380b600 Exception <a 'java/lang/NoSuchMethodError'{0x0000000787cc3ab8}: 'java.lang.Object java.lang.invoke.DirectMethodHandle$Holder.invokeStatic(java.lang.Object)'> (0x0000000787cc3ab8) 
thrown [./open/src/hotspot/share/interpreter/linkResolver.cpp, line 782]
Event: 0.371 Thread 0x00007fba6380b600 Exception <a 'java/lang/NoSuchMethodError'{0x0000000787cc7128}: 'java.lang.Object java.lang.invoke.DirectMethodHandle$Holder.invokeStaticInit(java.lang.Object)'> (0x0000000787cc7128) 
thrown [./open/src/hotspot/share/interpreter/linkResolver.cpp, line 782]
Event: 0.376 Thread 0x00007fba6380b600 Exception <a 'java/lang/ClassNotFoundException'{0x0000000787ccd670}: sun/awt/resources/spi/awtosxProvider> (0x0000000787ccd670) 
thrown [./open/src/hotspot/share/classfile/systemDictionary.cpp, line 295]
Event: 0.385 Thread 0x00007fba6380b600 Exception <a 'java/lang/NoSuchMethodError'{0x0000000787cd38d0}: 'void java.lang.invoke.DirectMethodHandle$Holder.invokeSpecial(java.lang.Object, java.lang.Object, java.lang.Object)'> (0x0000000787cd38d0) 
thrown [./open/src/hotspot/share/interpreter/linkResolver.cpp, line 782]

Events (20 events):
Event: 0.980 loading class java/awt/Image
Event: 0.980 loading class java/awt/Image done
Event: 0.980 loading class java/awt/image/BufferedImage
Event: 0.981 loading class java/awt/image/WritableRenderedImage
Event: 0.981 loading class java/awt/image/RenderedImage
Event: 0.981 loading class java/awt/image/RenderedImage done
Event: 0.981 loading class java/awt/image/WritableRenderedImage done
Event: 0.981 loading class java/awt/Transparency
Event: 0.981 loading class java/awt/Transparency done
Event: 0.981 loading class java/awt/image/BufferedImage done
Event: 0.981 loading class java/awt/GraphicsConfiguration
Event: 0.981 loading class java/awt/GraphicsConfiguration done
Event: 0.981 loading class java/awt/IllegalComponentStateException
Event: 0.982 loading class java/awt/IllegalComponentStateException done
Event: 0.982 loading class java/awt/Point
Event: 0.982 loading class java/awt/geom/Point2D
Event: 0.982 loading class java/awt/geom/Point2D done
Event: 0.982 loading class java/awt/Point done
Event: 1.007 loading class java/lang/NumberFormatException
Event: 1.007 loading class java/lang/NumberFormatException done


Dynamic libraries:
0x00007fff2a492000 	/usr/lib/libz.1.dylib
0x000000010d599000 	/Library/Java/JavaVirtualMachines/jdk-15.0.1.jdk/Contents/Home/lib/libjli.dylib
0x00007fff34fd0000 	/System/Library/Frameworks/Cocoa.framework/Versions/A/Cocoa
0x00007fff2220d000 	/System/Library/Frameworks/Security.framework/Versions/A/Security
0x00007fff331cf000 	/System/Library/Frameworks/ApplicationServices.framework/Versions/A/ApplicationServices
0x00007fff2a55a000 	/usr/lib/libSystem.B.dylib
0x00007fff2a554000 	/usr/lib/system/libcache.dylib
0x00007fff2a510000 	/usr/lib/system/libcommonCrypto.dylib
0x00007fff2a53a000 	/usr/lib/system/libcompiler_rt.dylib
0x00007fff2a52f000 	/usr/lib/system/libcopyfile.dylib
0x00007fff200e4000 	/usr/lib/system/libcorecrypto.dylib
0x00007fff201b0000 	/usr/lib/system/libdispatch.dylib
0x00007fff20364000 	/usr/lib/system/libdyld.dylib
0x00007fff2a54b000 	/usr/lib/system/libkeymgr.dylib
0x00007fff2d98d000 	/usr/lib/system/liblaunch.dylib
0x00007fff2a4ee000 	/usr/lib/system/libmacho.dylib
0x00007fff29d09000 	/usr/lib/system/libquarantine.dylib
0x00007fff2a548000 	/usr/lib/system/libremovefile.dylib
0x00007fff24ba2000 	/usr/lib/system/libsystem_asl.dylib
0x00007fff20094000 	/usr/lib/system/libsystem_blocks.dylib
0x00007fff20231000 	/usr/lib/system/libsystem_c.dylib
0x00007fff2a542000 	/usr/lib/system/libsystem_collections.dylib
0x00007fff28ffe000 	/usr/lib/system/libsystem_configuration.dylib
0x00007fff282f2000 	/usr/lib/system/libsystem_containermanager.dylib
0x00007fff2a28a000 	/usr/lib/system/libsystem_coreservices.dylib
0x00007fff227c1000 	/usr/lib/system/libsystem_darwin.dylib
0x00007fff2a54c000 	/usr/lib/system/libsystem_dnssd.dylib
0x00007fff2022e000 	/usr/lib/system/libsystem_featureflags.dylib
0x00007fff203a9000 	/usr/lib/system/libsystem_info.dylib
0x00007fff2a4a5000 	/usr/lib/system/libsystem_m.dylib
0x00007fff20183000 	/usr/lib/system/libsystem_malloc.dylib
0x00007fff24b36000 	/usr/lib/system/libsystem_networkextension.dylib
0x00007fff22bdb000 	/usr/lib/system/libsystem_notify.dylib
0x00007fff2fe3a000 	/usr/lib/system/libsystem_product_info_filter.dylib
0x00007fff29002000 	/usr/lib/system/libsystem_sandbox.dylib
0x00007fff2a545000 	/usr/lib/system/libsystem_secinit.dylib
0x00007fff20329000 	/usr/lib/system/libsystem_kernel.dylib
0x00007fff2039f000 	/usr/lib/system/libsystem_platform.dylib
0x00007fff20358000 	/usr/lib/system/libsystem_pthread.dylib
0x00007fff262a0000 	/usr/lib/system/libsystem_symptoms.dylib
0x00007fff200cc000 	/usr/lib/system/libsystem_trace.dylib
0x00007fff2a51c000 	/usr/lib/system/libunwind.dylib
0x00007fff20096000 	/usr/lib/system/libxpc.dylib
0x00007fff20310000 	/usr/lib/libc++abi.dylib
0x00007fff201f5000 	/usr/lib/libobjc.A.dylib
0x00007fff2a527000 	/usr/lib/liboah.dylib
0x00007fff202ba000 	/usr/lib/libc++.1.dylib
0x00007fff203d5000 	/System/Library/Frameworks/CoreFoundation.framework/Versions/A/CoreFoundation
0x00007fff21182000 	/System/Library/Frameworks/Foundation.framework/Versions/C/Foundation
0x00007fff22c33000 	/System/Library/Frameworks/AppKit.framework/Versions/C/AppKit
0x00007fff25ac9000 	/System/Library/Frameworks/CoreData.framework/Versions/A/CoreData
0x00007fff23996000 	/System/Library/PrivateFrameworks/UIFoundation.framework/Versions/A/UIFoundation
0x00007fff2fbb3000 	/System/Library/PrivateFrameworks/RemoteViewServices.framework/Versions/A/RemoteViewServices
0x00007fff289bc000 	/System/Library/PrivateFrameworks/XCTTargetBootstrap.framework/Versions/A/XCTTargetBootstrap
0x00007fff2b699000 	/usr/lib/libspindump.dylib
0x00007fff23bea000 	/System/Library/Frameworks/UniformTypeIdentifiers.framework/Versions/A/UniformTypeIdentifiers
0x00007fff27193000 	/usr/lib/libapp_launch_measurement.dylib
0x00007fff27196000 	/System/Library/PrivateFrameworks/CoreAutoLayout.framework/Versions/A/CoreAutoLayout
0x00007fff2831e000 	/System/Library/Frameworks/Metal.framework/Versions/A/Metal
0x00007fff2900d000 	/usr/lib/liblangid.dylib
0x00007fff289c0000 	/System/Library/PrivateFrameworks/CoreSVG.framework/Versions/A/CoreSVG
0x00007fff24bd1000 	/System/Library/PrivateFrameworks/SkyLight.framework/Versions/A/SkyLight
0x00007fff24f37000 	/System/Library/Frameworks/CoreGraphics.framework/Versions/A/CoreGraphics
0x00007fff3020a000 	/System/Library/Frameworks/Accelerate.framework/Versions/A/Accelerate
0x00007fff2b0d4000 	/System/Library/PrivateFrameworks/IconServices.framework/Versions/A/IconServices
0x00007fff28303000 	/System/Library/Frameworks/IOSurface.framework/Versions/A/IOSurface
0x00007fff26452000 	/usr/lib/libDiagnosticMessagesClient.dylib
0x00007fff289a8000 	/System/Library/PrivateFrameworks/DFRFoundation.framework/Versions/A/DFRFoundation
0x00007fff2255f000 	/usr/lib/libicucore.A.dylib
0x00007fff2cbdb000 	/System/Library/Frameworks/AudioToolbox.framework/Versions/A/AudioToolbox
0x00007fff2be81000 	/System/Library/PrivateFrameworks/DataDetectorsCore.framework/Versions/A/DataDetectorsCore
0x00007fff286a8000 	/System/Library/Frameworks/Carbon.framework/Versions/A/Frameworks/HIToolbox.framework/Versions/A/HIToolbox
0x00007fff26beb000 	/System/Library/Frameworks/QuartzCore.framework/Versions/A/QuartzCore
0x00007fff2fbef000 	/System/Library/Frameworks/Carbon.framework/Versions/A/Frameworks/SpeechRecognition.framework/Versions/A/SpeechRecognition
0x00007fff26efb000 	/System/Library/PrivateFrameworks/CoreUI.framework/Versions/A/CoreUI
0x00007fff21b69000 	/System/Library/Frameworks/CoreAudio.framework/Versions/A/CoreAudio
0x00007fff2653d000 	/System/Library/Frameworks/DiskArbitration.framework/Versions/A/DiskArbitration
0x00007fff2ba94000 	/System/Library/PrivateFrameworks/MultitouchSupport.framework/Versions/A/MultitouchSupport
0x00007fff2be78000 	/System/Library/PrivateFrameworks/InternationalSupport.framework/Versions/A/InternationalSupport
0x00007fff24b45000 	/usr/lib/libenergytrace.dylib
0x00007fff22b2d000 	/System/Library/Frameworks/IOKit.framework/Versions/A/IOKit
0x00007fff2ff3c000 	/System/Library/Frameworks/CoreServices.framework/Versions/A/CoreServices
0x00007fff27129000 	/System/Library/PrivateFrameworks/PerformanceAnalysis.framework/Versions/A/PerformanceAnalysis
0x00007fff6c839000 	/System/Library/Frameworks/OpenGL.framework/Versions/A/OpenGL
0x00007fff2befd000 	/System/Library/PrivateFrameworks/UserActivity.framework/Versions/A/UserActivity
0x00007fff255cb000 	/System/Library/Frameworks/ColorSync.framework/Versions/A/ColorSync
0x00007fff28c24000 	/System/Library/Frameworks/CoreImage.framework/Versions/A/CoreImage
0x00007fff21980000 	/System/Library/Frameworks/CoreText.framework/Versions/A/CoreText
0x00007fff289ea000 	/System/Library/Frameworks/ImageIO.framework/Versions/A/ImageIO
0x00007fff2a560000 	/System/Library/PrivateFrameworks/SoftLinking.framework/Versions/A/SoftLinking
0x00007fff271df000 	/usr/lib/libxml2.2.dylib
0x00007fff2a7d2000 	/usr/lib/libcompression.dylib
0x00007fff24b46000 	/usr/lib/libMobileGestalt.dylib
0x00007fff2bdab000 	/System/Library/PrivateFrameworks/TextureIO.framework/Versions/A/TextureIO
0x00007fff2adf7000 	/usr/lib/libate.dylib
0x00007fff2abdd000 	/usr/lib/liblzma.5.dylib
0x00007fff20e96000 	/System/Library/Frameworks/SystemConfiguration.framework/Versions/A/SystemConfiguration
0x00007fff2a55c000 	/usr/lib/libfakelink.dylib
0x00007fff24698000 	/System/Library/Frameworks/CFNetwork.framework/Versions/A/CFNetwork
0x00007fff2a69c000 	/usr/lib/libarchive.2.dylib
0x00007fff20f14000 	/usr/lib/libCRFSuite.dylib
0x00007fff29d30000 	/usr/lib/libbsm.0.dylib
0x00007fff24054000 	/usr/lib/libnetwork.dylib
0x00007fff2a561000 	/usr/lib/libpcap.A.dylib
0x00007fff26299000 	/usr/lib/libdns_services.dylib
0x00007fff2abf6000 	/usr/lib/libcoretls_cfhelpers.dylib
0x00007fff2a7a0000 	/usr/lib/libapple_nghttp2.dylib
0x00007fff2a4f4000 	/usr/lib/system/libkxld.dylib
0x00007fff25eff000 	/usr/lib/libsqlite3.dylib
0x00007fff2a26c000 	/System/Library/PrivateFrameworks/AppleFSCompression.framework/Versions/A/AppleFSCompression
0x00007fff29d18000 	/usr/lib/libcoretls.dylib
0x00007fff2a7cd000 	/usr/lib/libpam.2.dylib
0x00007fff2acf2000 	/usr/lib/libxar.1.dylib
0x00007fff29009000 	/System/Library/PrivateFrameworks/AppleSystemInfo.framework/Versions/A/AppleSystemInfo
0x00007fff2995b000 	/System/Library/PrivateFrameworks/IOMobileFramebuffer.framework/Versions/A/IOMobileFramebuffer
0x00007fff2a27c000 	/usr/lib/libbz2.1.0.dylib
0x00007fff2a599000 	/usr/lib/libiconv.2.dylib
0x00007fff2a4ed000 	/usr/lib/libcharset.1.dylib
0x00007fff27165000 	/System/Library/Frameworks/CoreServices.framework/Versions/A/Frameworks/FSEvents.framework/Versions/A/FSEvents
0x00007fff227cb000 	/System/Library/Frameworks/CoreServices.framework/Versions/A/Frameworks/CarbonCore.framework/Versions/A/CarbonCore
0x00007fff264a2000 	/System/Library/Frameworks/CoreServices.framework/Versions/A/Frameworks/Metadata.framework/Versions/A/Metadata
0x00007fff2a28f000 	/System/Library/Frameworks/CoreServices.framework/Versions/A/Frameworks/OSServices.framework/Versions/A/OSServices
0x00007fff2a70e000 	/System/Library/Frameworks/CoreServices.framework/Versions/A/Frameworks/SearchKit.framework/Versions/A/SearchKit
0x00007fff26223000 	/System/Library/Frameworks/CoreServices.framework/Versions/A/Frameworks/AE.framework/Versions/A/AE
0x00007fff20871000 	/System/Library/Frameworks/CoreServices.framework/Versions/A/Frameworks/LaunchServices.framework/Versions/A/LaunchServices
0x00007fff2ab8e000 	/System/Library/Frameworks/CoreServices.framework/Versions/A/Frameworks/DictionaryServices.framework/Versions/A/DictionaryServices
0x00007fff2716e000 	/System/Library/Frameworks/CoreServices.framework/Versions/A/Frameworks/SharedFileList.framework/Versions/A/SharedFileList
0x00007fff29d0c000 	/usr/lib/libCheckFix.dylib
0x00007fff24bb9000 	/System/Library/PrivateFrameworks/TCC.framework/Versions/A/TCC
0x00007fff2900f000 	/System/Library/PrivateFrameworks/CoreNLP.framework/Versions/A/CoreNLP
0x00007fff26455000 	/System/Library/PrivateFrameworks/MetadataUtilities.framework/Versions/A/MetadataUtilities
0x00007fff20f4a000 	/usr/lib/libmecabra.dylib
0x00007fff2a01f000 	/System/Library/Frameworks/MLCompute.framework/Versions/A/MLCompute
0x00007fff29d41000 	/usr/lib/libmecab.dylib
0x00007fff29d8b000 	/usr/lib/libgermantok.dylib
0x00007fff2a776000 	/usr/lib/libThaiTokenizer.dylib
0x00007fff2ad2d000 	/usr/lib/libChineseTokenizer.dylib
0x00007fff2a7cb000 	/System/Library/Frameworks/MetalPerformanceShaders.framework/Versions/A/MetalPerformanceShaders
0x00007fff26544000 	/System/Library/Frameworks/Accelerate.framework/Versions/A/Frameworks/vImage.framework/Versions/A/vImage
0x00007fff2ff15000 	/System/Library/Frameworks/Accelerate.framework/Versions/A/Frameworks/vecLib.framework/Versions/A/vecLib
0x00007fff2ad38000 	/System/Library/Frameworks/Accelerate.framework/Versions/A/Frameworks/vecLib.framework/Versions/A/libvMisc.dylib
0x00007fff29774000 	/System/Library/Frameworks/Accelerate.framework/Versions/A/Frameworks/vecLib.framework/Versions/A/libvDSP.dylib
0x00007fff20b75000 	/System/Library/Frameworks/Accelerate.framework/Versions/A/Frameworks/vecLib.framework/Versions/A/libBLAS.dylib
0x00007fff2a7f1000 	/System/Library/Frameworks/Accelerate.framework/Versions/A/Frameworks/vecLib.framework/Versions/A/libLAPACK.dylib
0x00007fff29d91000 	/System/Library/Frameworks/Accelerate.framework/Versions/A/Frameworks/vecLib.framework/Versions/A/libLinearAlgebra.dylib
0x00007fff2a7b8000 	/System/Library/Frameworks/Accelerate.framework/Versions/A/Frameworks/vecLib.framework/Versions/A/libSparseBLAS.dylib
0x00007fff2a7eb000 	/System/Library/Frameworks/Accelerate.framework/Versions/A/Frameworks/vecLib.framework/Versions/A/libQuadrature.dylib
0x00007fff290b7000 	/System/Library/Frameworks/Accelerate.framework/Versions/A/Frameworks/vecLib.framework/Versions/A/libBNNS.dylib
0x00007fff20e27000 	/System/Library/Frameworks/Accelerate.framework/Versions/A/Frameworks/vecLib.framework/Versions/A/libSparse.dylib
0x00007fff28fa2000 	/System/Library/Frameworks/MetalPerformanceShaders.framework/Versions/A/Frameworks/MPSCore.framework/Versions/A/MPSCore
0x00007fff2a1db000 	/System/Library/Frameworks/MetalPerformanceShaders.framework/Versions/A/Frameworks/MPSImage.framework/Versions/A/MPSImage
0x00007fff29da7000 	/System/Library/Frameworks/MetalPerformanceShaders.framework/Versions/A/Frameworks/MPSNeuralNetwork.framework/Versions/A/MPSNeuralNetwork
0x00007fff2a166000 	/System/Library/Frameworks/MetalPerformanceShaders.framework/Versions/A/Frameworks/MPSMatrix.framework/Versions/A/MPSMatrix
0x00007fff29fcf000 	/System/Library/Frameworks/MetalPerformanceShaders.framework/Versions/A/Frameworks/MPSRayIntersector.framework/Versions/A/MPSRayIntersector
0x00007fff2a19d000 	/System/Library/Frameworks/MetalPerformanceShaders.framework/Versions/A/Frameworks/MPSNDArray.framework/Versions/A/MPSNDArray
0x00007fff20aa1000 	/System/Library/PrivateFrameworks/MetalTools.framework/Versions/A/MetalTools
0x00007fff29007000 	/System/Library/PrivateFrameworks/AggregateDictionary.framework/Versions/A/AggregateDictionary
0x00007fff2642d000 	/System/Library/PrivateFrameworks/CoreAnalytics.framework/Versions/A/CoreAnalytics
0x00007fff2a778000 	/System/Library/PrivateFrameworks/AppleSauce.framework/Versions/A/AppleSauce
0x00007fff28315000 	/System/Library/PrivateFrameworks/IOAccelerator.framework/Versions/A/IOAccelerator
0x00007fff6c82d000 	/System/Library/Frameworks/OpenGL.framework/Versions/A/Libraries/libCoreFSCache.dylib
0x00007fff214e6000 	/System/Library/PrivateFrameworks/LanguageModeling.framework/Versions/A/LanguageModeling
0x00007fff29948000 	/System/Library/PrivateFrameworks/CoreEmoji.framework/Versions/A/CoreEmoji
0x00007fff290b0000 	/System/Library/PrivateFrameworks/LinguisticData.framework/Versions/A/LinguisticData
0x00007fff20dd9000 	/System/Library/PrivateFrameworks/Lexicon.framework/Versions/A/Lexicon
0x00007fff2a68a000 	/usr/lib/libcmph.dylib
0x00007fff27145000 	/System/Library/Frameworks/OpenDirectory.framework/Versions/A/Frameworks/CFOpenDirectory.framework/Versions/A/CFOpenDirectory
0x00007fff27135000 	/System/Library/Frameworks/OpenDirectory.framework/Versions/A/OpenDirectory
0x00007fff2abf8000 	/System/Library/PrivateFrameworks/APFS.framework/Versions/A/APFS
0x00007fff29c6d000 	/System/Library/Frameworks/SecurityFoundation.framework/Versions/A/SecurityFoundation
0x00007fff2ad00000 	/usr/lib/libutil.dylib
0x00007fff22af2000 	/System/Library/PrivateFrameworks/CoreServicesStore.framework/Versions/A/CoreServicesStore
0x00007fff29d04000 	/System/Library/Frameworks/ServiceManagement.framework/Versions/A/ServiceManagement
0x00007fff2ad04000 	/usr/lib/libxslt.1.dylib
0x00007fff29cfa000 	/System/Library/PrivateFrameworks/BackgroundTaskManagement.framework/Versions/A/BackgroundTaskManagement
0x00007fff2bcf5000 	/System/Library/Frameworks/ImageIO.framework/Versions/A/Resources/libRadiance.dylib
0x00007fff2bcff000 	/System/Library/Frameworks/ImageIO.framework/Versions/A/Resources/libJPEG.dylib
0x00007fff2bc4e000 	/System/Library/Frameworks/ImageIO.framework/Versions/A/Resources/libPng.dylib
0x00007fff2bc75000 	/System/Library/Frameworks/ImageIO.framework/Versions/A/Resources/libTIFF.dylib
0x00007fff2bd54000 	/System/Library/Frameworks/ImageIO.framework/Versions/A/Resources/libGIF.dylib
0x00007fff2b9b1000 	/System/Library/Frameworks/ImageIO.framework/Versions/A/Resources/libJP2.dylib
0x00007fff2b09b000 	/usr/lib/libexpat.1.dylib
0x00007fff2b966000 	/System/Library/PrivateFrameworks/AppleJPEG.framework/Versions/A/AppleJPEG
0x00007fff2854b000 	/System/Library/PrivateFrameworks/FontServices.framework/libFontParser.dylib
0x00007fff261d7000 	/System/Library/PrivateFrameworks/RunningBoardServices.framework/Versions/A/RunningBoardServices
0x00007fff2ba90000 	/System/Library/PrivateFrameworks/WatchdogClient.framework/Versions/A/WatchdogClient
0x00007fff215d3000 	/System/Library/Frameworks/CoreDisplay.framework/Versions/A/CoreDisplay
0x00007fff28461000 	/System/Library/Frameworks/CoreMedia.framework/Versions/A/CoreMedia
0x00007fff272c2000 	/System/Library/Frameworks/CoreVideo.framework/Versions/A/CoreVideo
0x00007fff2bac8000 	/System/Library/Frameworks/VideoToolbox.framework/Versions/A/VideoToolbox
0x00007fff26155000 	/System/Library/PrivateFrameworks/BaseBoard.framework/Versions/A/BaseBoard
0x00007fff2b1e0000 	/System/Library/PrivateFrameworks/PersistentConnection.framework/Versions/A/PersistentConnection
0x00007fff25ee8000 	/System/Library/PrivateFrameworks/ProtocolBuffer.framework/Versions/A/ProtocolBuffer
0x00007fff2613c000 	/System/Library/PrivateFrameworks/CommonUtilities.framework/Versions/A/CommonUtilities
0x00007fff2b8fb000 	/System/Library/PrivateFrameworks/Bom.framework/Versions/A/Bom
0x00007fff2bcee000 	/System/Library/PrivateFrameworks/GPUWrangler.framework/Versions/A/GPUWrangler
0x00007fff2bcd3000 	/System/Library/PrivateFrameworks/IOPresentment.framework/Versions/A/IOPresentment
0x00007fff2bcf9000 	/System/Library/PrivateFrameworks/DSExternalDisplay.framework/Versions/A/DSExternalDisplay
0x00007fff2bd59000 	/System/Library/PrivateFrameworks/CMCaptureCore.framework/Versions/A/CMCaptureCore
0x00007fff2b680000 	/System/Library/PrivateFrameworks/AppServerSupport.framework/Versions/A/AppServerSupport
0x00007fff2d72c000 	/System/Library/PrivateFrameworks/perfdata.framework/Versions/A/perfdata
0x00007fff29c5c000 	/System/Library/PrivateFrameworks/AssertionServices.framework/Versions/A/AssertionServices
0x00007fff2170a000 	/System/Library/PrivateFrameworks/AudioToolboxCore.framework/Versions/A/AudioToolboxCore
0x00007fff28444000 	/System/Library/PrivateFrameworks/caulk.framework/Versions/A/caulk
0x00007fff3d3b9000 	/System/Library/PrivateFrameworks/SystemPolicy.framework/Versions/A/SystemPolicy
0x00007fff2ae90000 	/usr/lib/libIOReport.dylib
0x00007fff2cf4e000 	/usr/lib/libSMC.dylib
0x00007fff2bc1b000 	/usr/lib/libAudioToolboxUtility.dylib
0x00007fff3dd23000 	/usr/lib/libmis.dylib
0x00007fff6c889000 	/System/Library/Frameworks/OpenGL.framework/Versions/A/Libraries/libGLU.dylib
0x00007fff6c84c000 	/System/Library/Frameworks/OpenGL.framework/Versions/A/Libraries/libGFXShared.dylib
0x00007fff6ca5b000 	/System/Library/Frameworks/OpenGL.framework/Versions/A/Libraries/libGL.dylib
0x00007fff6c855000 	/System/Library/Frameworks/OpenGL.framework/Versions/A/Libraries/libGLImage.dylib
0x00007fff6c849000 	/System/Library/Frameworks/OpenGL.framework/Versions/A/Libraries/libCVMSPluginSupport.dylib
0x00007fff6c834000 	/System/Library/Frameworks/OpenGL.framework/Versions/A/Libraries/libCoreVMClient.dylib
0x00007fff6de9c000 	/System/Library/Frameworks/OpenCL.framework/Versions/A/OpenCL
0x00007fff2b20a000 	/System/Library/PrivateFrameworks/GraphVisualizer.framework/Versions/A/GraphVisualizer
0x00007fff2b219000 	/System/Library/PrivateFrameworks/FaceCore.framework/Versions/A/FaceCore
0x00007fff2b635000 	/System/Library/PrivateFrameworks/OTSVG.framework/Versions/A/OTSVG
0x00007fff26eb9000 	/System/Library/Frameworks/ApplicationServices.framework/Versions/A/Frameworks/ATS.framework/Versions/A/Resources/libFontRegistry.dylib
0x00007fff2b687000 	/System/Library/PrivateFrameworks/FontServices.framework/libhvf.dylib
0x00007fff2b047000 	/System/Library/PrivateFrameworks/AppleVA.framework/Versions/A/AppleVA
0x00007fff2cd97000 	/System/Library/Frameworks/ApplicationServices.framework/Versions/A/Frameworks/ATS.framework/Versions/A/ATS
0x00007fff2d0a9000 	/System/Library/Frameworks/ApplicationServices.framework/Versions/A/Frameworks/ColorSyncLegacy.framework/Versions/A/ColorSyncLegacy
0x00007fff256c2000 	/System/Library/Frameworks/ApplicationServices.framework/Versions/A/Frameworks/HIServices.framework/Versions/A/HIServices
0x00007fff2d08e000 	/System/Library/Frameworks/ApplicationServices.framework/Versions/A/Frameworks/LangAnalysis.framework/Versions/A/LangAnalysis
0x00007fff2bd63000 	/System/Library/Frameworks/ApplicationServices.framework/Versions/A/Frameworks/PrintCore.framework/Versions/A/PrintCore
0x00007fff2d0b1000 	/System/Library/Frameworks/ApplicationServices.framework/Versions/A/Frameworks/QD.framework/Versions/A/QD
0x00007fff2cd87000 	/System/Library/Frameworks/ApplicationServices.framework/Versions/A/Frameworks/SpeechSynthesis.framework/Versions/A/SpeechSynthesis
0x00007fff2bd24000 	/System/Library/Frameworks/ApplicationServices.framework/Versions/A/Frameworks/ATSUI.framework/Versions/A/ATSUI
0x00007fff2d02e000 	/usr/lib/libcups.2.dylib
0x00007fff2d09e000 	/System/Library/PrivateFrameworks/NetAuth.framework/Versions/A/NetAuth
0x00007fff2d748000 	/System/Library/Frameworks/Kerberos.framework/Versions/A/Kerberos
0x00007fff2d758000 	/System/Library/Frameworks/GSS.framework/Versions/A/GSS
0x00007fff2ce03000 	/usr/lib/libresolv.9.dylib
0x00007fff2b69c000 	/System/Library/PrivateFrameworks/Heimdal.framework/Versions/A/Heimdal
0x00007fff334cf000 	/System/Library/Frameworks/Kerberos.framework/Versions/A/Libraries/libHeimdalProxy.dylib
0x00007fff262a8000 	/System/Library/Frameworks/Network.framework/Versions/A/Network
0x00007fff2b0b5000 	/usr/lib/libheimdal-asn1.dylib
0x00007fff2d7a8000 	/System/Library/PrivateFrameworks/CommonAuth.framework/Versions/A/CommonAuth
0x00007fff2730f000 	/System/Library/PrivateFrameworks/login.framework/Versions/A/Frameworks/loginsupport.framework/Versions/A/loginsupport
0x00007fff2cd0c000 	/System/Library/PrivateFrameworks/AudioSession.framework/Versions/A/AudioSession
0x00007fff2cd74000 	/usr/lib/libAudioStatistics.dylib
0x00007fff2b142000 	/System/Library/PrivateFrameworks/MediaExperience.framework/Versions/A/MediaExperience
0x00007fff2cba9000 	/System/Library/PrivateFrameworks/AudioSession.framework/libSessionUtility.dylib
0x00007fff2d739000 	/usr/lib/libperfcheck.dylib
0x00007fff2d0bd000 	/System/Library/PrivateFrameworks/AudioResourceArbitration.framework/Versions/A/AudioResourceArbitration
0x00007fff2b0bf000 	/System/Library/PrivateFrameworks/IconFoundation.framework/Versions/A/IconFoundation
0x00007fff2fbdf000 	/System/Library/PrivateFrameworks/SpeechRecognitionCore.framework/Versions/A/SpeechRecognitionCore
0x000000010f800000 	/Library/Java/JavaVirtualMachines/jdk-15.0.1.jdk/Contents/Home/lib/server/libjvm.dylib
0x000000010d5c2000 	/Library/Java/JavaVirtualMachines/jdk-15.0.1.jdk/Contents/Home/lib/libjimage.dylib
0x000000010d5d0000 	/Library/Java/JavaVirtualMachines/jdk-15.0.1.jdk/Contents/Home/lib/libjdwp.dylib
0x000000010d614000 	/Library/Java/JavaVirtualMachines/jdk-15.0.1.jdk/Contents/Home/lib/libjava.dylib
0x000000010d7d4000 	/Library/Java/JavaVirtualMachines/jdk-15.0.1.jdk/Contents/Home/lib/libdt_socket.dylib
0x000000010d7e0000 	/Library/Java/JavaVirtualMachines/jdk-15.0.1.jdk/Contents/Home/lib/libnio.dylib
0x000000011bdac000 	/Library/Java/JavaVirtualMachines/jdk-15.0.1.jdk/Contents/Home/lib/libnet.dylib
0x000000011bdc5000 	/Library/Java/JavaVirtualMachines/jdk-15.0.1.jdk/Contents/Home/lib/libzip.dylib
0x000000011bdd3000 	/private/var/folders/93/gt5789mx2r13zz7vkgt6my4w0000gn/T/libgdxgstark0/408cdd85/libgdx64.dylib
0x000000011be0b000 	/Library/Java/JavaVirtualMachines/jdk-15.0.1.jdk/Contents/Home/lib/libverify.dylib
0x000000011be1c000 	/Library/Java/JavaVirtualMachines/jdk-15.0.1.jdk/Contents/Home/lib/libawt.dylib
0x000000011bed3000 	/Library/Java/JavaVirtualMachines/jdk-15.0.1.jdk/Contents/Home/lib/libmlib_image.dylib
0x00007fff6f6c1000 	/System/Library/Frameworks/JavaNativeFoundation.framework/Versions/A/JavaNativeFoundation
0x00007fff6f6cd000 	/System/Library/Frameworks/JavaRuntimeSupport.framework/Versions/A/JavaRuntimeSupport
0x00007fff3d131000 	/System/Library/Frameworks/Carbon.framework/Versions/A/Carbon
0x00007fff31ba5000 	/System/Library/PrivateFrameworks/CoreSymbolication.framework/Versions/A/CoreSymbolication
0x00007fff36437000 	/System/Library/Frameworks/Carbon.framework/Versions/A/Frameworks/CommonPanels.framework/Versions/A/CommonPanels
0x00007fff32f8a000 	/System/Library/Frameworks/Carbon.framework/Versions/A/Frameworks/Help.framework/Versions/A/Help
0x00007fff3643b000 	/System/Library/Frameworks/Carbon.framework/Versions/A/Frameworks/ImageCapture.framework/Versions/A/ImageCapture
0x00007fff36413000 	/System/Library/Frameworks/Carbon.framework/Versions/A/Frameworks/OpenScripting.framework/Versions/A/OpenScripting
0x00007fff36433000 	/System/Library/Frameworks/Carbon.framework/Versions/A/Frameworks/Ink.framework/Versions/A/Ink
0x00007fff3d12d000 	/System/Library/Frameworks/Carbon.framework/Versions/A/Frameworks/Print.framework/Versions/A/Print
0x00007fff3642f000 	/System/Library/Frameworks/Carbon.framework/Versions/A/Frameworks/SecurityHI.framework/Versions/A/SecurityHI
0x00007fff31b68000 	/System/Library/PrivateFrameworks/DebugSymbols.framework/Versions/A/DebugSymbols
0x000000011bf6f000 	/Library/Java/JavaVirtualMachines/jdk-15.0.1.jdk/Contents/Home/lib/libawt_lwawt.dylib
0x000000011c029000 	/Library/Java/JavaVirtualMachines/jdk-15.0.1.jdk/Contents/Home/lib/libosxapp.dylib
0x00007fff3c4f1000 	/System/Library/Frameworks/ExceptionHandling.framework/Versions/A/ExceptionHandling
0x000000011c049000 	/Library/Java/JavaVirtualMachines/jdk-15.0.1.jdk/Contents/Home/lib/libfontmanager.dylib
0x000000011c175000 	/Library/Java/JavaVirtualMachines/jdk-15.0.1.jdk/Contents/Home/lib/libfreetype.dylib
0x00007fff22ab3000 	/System/Library/PrivateFrameworks/CoreServicesInternal.framework/Versions/A/CoreServicesInternal
0x00007fff310c5000 	/System/Library/Frameworks/FileProvider.framework/Versions/A/FileProvider
0x00007fff260bf000 	/System/Library/Frameworks/Accounts.framework/Versions/A/Accounts
0x00007fff311e6000 	/System/Library/PrivateFrameworks/GenerationalStorage.framework/Versions/A/GenerationalStorage
0x00007fff30ae4000 	/System/Library/PrivateFrameworks/SymptomDiagnosticReporter.framework/Versions/A/SymptomDiagnosticReporter
0x00007fff2e3f1000 	/System/Library/PrivateFrameworks/AppContainer.framework/Versions/A/AppContainer
0x00007fff23bfd000 	/System/Library/PrivateFrameworks/DesktopServicesPriv.framework/Versions/A/DesktopServicesPriv
0x00007fff22be7000 	/usr/lib/libsandbox.1.dylib
0x00007fff2733b000 	/System/Library/PrivateFrameworks/UserManagement.framework/Versions/A/UserManagement
0x00007fff29c39000 	/System/Library/PrivateFrameworks/MobileKeyBag.framework/Versions/A/MobileKeyBag
0x00007fff34538000 	/System/Library/PrivateFrameworks/ChunkingLibrary.framework/Versions/A/ChunkingLibrary
0x00007fff2e406000 	/System/Library/PrivateFrameworks/SecCodeWrapper.framework/Versions/A/SecCodeWrapper
0x00007fff2ae98000 	/System/Library/PrivateFrameworks/CrashReporterSupport.framework/Versions/A/CrashReporterSupport
0x00007fff4829b000 	/System/Library/PrivateFrameworks/OSAnalytics.framework/Versions/A/OSAnalytics
0x00007fff783b4000 	/usr/lib/libRosetta.dylib
0x00007fff32f1b000 	/System/Library/PrivateFrameworks/RemoteServiceDiscovery.framework/Versions/A/RemoteServiceDiscovery
0x00007fff52259000 	/System/Library/PrivateFrameworks/Symbolication.framework/Versions/A/Symbolication
0x00007fff32f2b000 	/System/Library/PrivateFrameworks/RemoteXPC.framework/Versions/A/RemoteXPC
0x00007fff39428000 	/System/Library/PrivateFrameworks/OSAServicesClient.framework/Versions/A/OSAServicesClient
0x00007fff3dd02000 	/System/Library/PrivateFrameworks/MallocStackLogging.framework/Versions/A/MallocStackLogging
0x00007fff2e188000 	/System/Library/PrivateFrameworks/Sharing.framework/Versions/A/Sharing
0x00007fff32af8000 	/System/Library/PrivateFrameworks/Apple80211.framework/Versions/A/Apple80211
0x00007fff2a2bd000 	/System/Library/PrivateFrameworks/AuthKit.framework/Versions/A/AuthKit
0x00007fff29a39000 	/System/Library/PrivateFrameworks/CoreUtils.framework/Versions/A/CoreUtils
0x00007fff29966000 	/System/Library/Frameworks/CoreWLAN.framework/Versions/A/CoreWLAN
0x00007fff2e2d0000 	/System/Library/Frameworks/IOBluetooth.framework/Versions/A/IOBluetooth
0x00007fff32b5c000 	/System/Library/PrivateFrameworks/CoreWiFi.framework/Versions/A/CoreWiFi
0x00007fff2d830000 	/System/Library/PrivateFrameworks/CorePhoneNumbers.framework/Versions/A/CorePhoneNumbers
0x00007fff30bec000 	/System/Library/PrivateFrameworks/DiskManagement.framework/Versions/A/DiskManagement
0x00007fff30b02000 	/System/Library/PrivateFrameworks/AppleIDAuthSupport.framework/Versions/A/AppleIDAuthSupport
0x00007fff2d80d000 	/System/Library/PrivateFrameworks/KeychainCircle.framework/Versions/A/KeychainCircle
0x00007fff30bb8000 	/System/Library/PrivateFrameworks/MediaKit.framework/Versions/A/MediaKit
0x00007fff30b0f000 	/System/Library/Frameworks/DiscRecording.framework/Versions/A/DiscRecording
0x00007fff2afbb000 	/usr/lib/libCoreStorage.dylib
0x00007fff32f96000 	/usr/lib/libcsfde.dylib
0x00007fff2e40a000 	/System/Library/PrivateFrameworks/ProtectedCloudStorage.framework/Versions/A/ProtectedCloudStorage
0x00007fff32f8e000 	/System/Library/PrivateFrameworks/EFILogin.framework/Versions/A/EFILogin
0x00007fff33582000 	/System/Library/Frameworks/AudioUnit.framework/Versions/A/AudioUnit
0x00007fff30a81000 	/System/Library/Frameworks/CoreBluetooth.framework/Versions/A/CoreBluetooth
0x00007fff2afb3000 	/usr/lib/libMatch.1.dylib
0x00007fff43f37000 	/System/Library/CoreServices/RawCamera.bundle/Contents/MacOS/RawCamera
0x00007fff2d7b9000 	/System/Library/PrivateFrameworks/MobileAsset.framework/Versions/A/MobileAsset
0x00007fff335a7000 	/System/Library/PrivateFrameworks/StreamingZip.framework/Versions/A/StreamingZip
0x00007fff2bf5c000 	/System/Library/Frameworks/MediaToolbox.framework/Versions/A/MediaToolbox
0x00007fff31097000 	/System/Library/PrivateFrameworks/CoreAVCHD.framework/Versions/A/CoreAVCHD
0x00007fff3024b000 	/System/Library/Frameworks/MediaAccessibility.framework/Versions/A/MediaAccessibility
0x00007fff31093000 	/System/Library/PrivateFrameworks/Mangrove.framework/Versions/A/Mangrove
0x00007fff30257000 	/System/Library/PrivateFrameworks/AlgosScoreFramework.framework/Versions/A/AlgosScoreFramework
0x00007fff31a58000 	/System/Library/PrivateFrameworks/AppleVPA.framework/Versions/A/AppleVPA
0x00007fff30cd8000 	/System/Library/PrivateFrameworks/CoreAUC.framework/Versions/A/CoreAUC
0x00007fff41929000 	/System/Library/Frameworks/Accelerate.framework/Versions/A/Frameworks/vImage.framework/Versions/A/Libraries/libCGInterfaces.dylib
0x000000011cef2000 	/usr/lib/libobjc-trampolines.dylib
0x00007fff2703d000 	/System/Library/PrivateFrameworks/ViewBridge.framework/Versions/A/ViewBridge
0x0000000135602000 	/private/var/folders/93/gt5789mx2r13zz7vkgt6my4w0000gn/T/libgdxgstark0/f7649394/liblwjgl.dylib
0x0000000133ec7000 	/Library/Java/JavaVirtualMachines/jdk-15.0.1.jdk/Contents/Home/lib/libjawt.dylib
0x0000000135684000 	/private/var/folders/93/gt5789mx2r13zz7vkgt6my4w0000gn/T/libgdxgstark0/f7649394/openal.dylib
0x00000001356ea000 	/System/Library/Components/CoreAudio.component/Contents/MacOS/CoreAudio
0x0000000135886000 	/System/Library/Extensions/AppleHDA.kext/Contents/PlugIns/AppleHDAHALPlugIn.bundle/Contents/MacOS/AppleHDAHALPlugIn
0x00007fff6ca66000 	/System/Library/Frameworks/OpenGL.framework/Versions/A/Resources/GLEngine.bundle/GLEngine
0x00007fff6c8c6000 	/System/Library/Frameworks/OpenGL.framework/Versions/A/Libraries/libGLProgrammability.dylib
0x00007fff64437000 	/System/Library/Extensions/AppleIntelBDWGraphicsGLDriver.bundle/Contents/MacOS/AppleIntelBDWGraphicsGLDriver
0x00007fff46c2f000 	/System/Library/PrivateFrameworks/GPUSupport.framework/Versions/A/Libraries/libGPUSupportMercury.dylib
0x00007fff6cbe2000 	/System/Library/Frameworks/OpenGL.framework/Versions/A/Resources/GLRendererFloat.bundle/GLRendererFloat
0x00007fff2b75d000 	/System/Library/PrivateFrameworks/login.framework/Versions/A/login


VM Arguments:
jvm_args: -agentlib:jdwp=transport=dt_socket,server=n,suspend=y,address=localhost:51138 -XX:+ShowCodeDetailsInExceptionMessages -Dfile.encoding=UTF-8 
java_command: com.dke.simulator.desktop.DesktopLauncher
java_class_path (initial): /Users/gstark0/Desktop/Project1-2/GROUP18_2021/desktop/bin/main:/simulator-core/bin/default:/Users/gstark0/Desktop/Project1-2/GROUP18_2021/core/bin/main:/Users/gstark0/.gradle/caches/modules-2/files-2.1/com.badlogicgames.gdx/gdx-backend-lwjgl/1.9.14/76d214441fa6faed9a4b9a2c02473f0d0a467a52/gdx-backend-lwjgl-1.9.14.jar:/Users/gstark0/.gradle/caches/modules-2/files-2.1/com.badlogicgames.gdx/gdx-platform/1.9.14/c972092618b729ebfec229c9214fb9e87861fb7a/gdx-platform-1.9.14-natives-desktop.jar:/Users/gstark0/.gradle/caches/modules-2/files-2.1/com.badlogicgames.gdx/gdx-box2d-platform/1.9.14/3c70a6038ec970ae49f96292ed48bd2a098a7f47/gdx-box2d-platform-1.9.14-natives-desktop.jar:/Users/gstark0/.gradle/caches/modules-2/files-2.1/com.badlogicgames.gdx/gdx-box2d/1.9.14/1c52434c5c7ad1a19e08dcc53047eb1cd79b5e62/gdx-box2d-1.9.14.jar:/Users/gstark0/.gradle/caches/modules-2/files-2.1/com.badlogicgames.gdx/gdx/1.9.14/42b1ca02aabd2aa248dc0a6beb0ea0f9f003a44d/gdx-1.9.14.jar:/Users/gstark0/.gradle/caches/modules-2/files-2.1/org.lwjgl.lwjgl/lwjgl_util/2.9.3/751f06b62424da056954c67288fd5c494431e350/lwjgl_util-2.9.3.jar:/Users/gstark0/.gradle/caches/modules-2/files-2.1/org.lwjgl.lwjgl/lwjgl/2.9.3/3df168ac74e4a8c96562cdff24ad352e255bf89c/lwjgl-2.9.3.jar:/Users/gstark0/.gradle/caches/modules-2/files-2.1/com.badlogicgames.jlayer/jlayer/1.0.1-gdx/7cca83cec5c1b2f011362f4d85aabd71a73b049d/jlayer-1.0.1-gdx.jar:/Users/gstark0/.gradle/caches/modules-2/files-2.1/org.jcraft/jorbis/0.0.17/8872d22b293e8f5d7d56ff92be966e6dc28ebdc6/jorbis-0.0.17.jar:/Users/gstark0/.gradle/caches/modules-2/files-2.1/org.lwjgl.lwjgl/lwjgl-platform/2.9.3/fbc2afb3e288578e9942578decb6291a490549a0/lwjgl-platform-2.9.3-natives-windows.jar:/Users/gstark0/.gradle/caches/modules-2/files-2.1/org.lwjgl.lwjgl/lwjgl-platform/2.9.3/b1eafe80093381c56415731e1d64279e6140bcd0/lwjgl-platform-2.9.3-natives-linux.jar:/Users/gstark0/.gradle/caches/modules-2/files-2.1/org.lwjgl.lwjgl/lwjgl-platform/2.9.3/6686cf6ddaa2
Launcher Type: SUN_STANDARD

[Global flags]
     intx CICompilerCount                          = 3                                         {product} {ergonomic}
     uint ConcGCThreads                            = 1                                         {product} {ergonomic}
     uint G1ConcRefinementThreads                  = 4                                         {product} {ergonomic}
   size_t G1HeapRegionSize                         = 1048576                                   {product} {ergonomic}
    uintx GCDrainStackTargetSize                   = 64                                        {product} {ergonomic}
   size_t InitialHeapSize                          = 134217728                                 {product} {ergonomic}
   size_t MarkStackSize                            = 4194304                                   {product} {ergonomic}
   size_t MaxHeapSize                              = 2147483648                                {product} {ergonomic}
   size_t MaxNewSize                               = 1287651328                                {product} {ergonomic}
   size_t MinHeapDeltaBytes                        = 1048576                                   {product} {ergonomic}
   size_t MinHeapSize                              = 8388608                                   {product} {ergonomic}
    uintx NonNMethodCodeHeapSize                   = 5832780                                {pd product} {ergonomic}
    uintx NonProfiledCodeHeapSize                  = 122912730                              {pd product} {ergonomic}
    uintx ProfiledCodeHeapSize                     = 122912730                              {pd product} {ergonomic}
    uintx ReservedCodeCacheSize                    = 251658240                              {pd product} {ergonomic}
     bool SegmentedCodeCache                       = true                                      {product} {ergonomic}
     bool ShowCodeDetailsInExceptionMessages       = true                                   {manageable} {command line}
   size_t SoftMaxHeapSize                          = 2147483648                             {manageable} {ergonomic}
     bool UseCompressedClassPointers               = true                                 {lp64_product} {ergonomic}
     bool UseCompressedOops                        = true                                 {lp64_product} {ergonomic}
     bool UseG1GC                                  = true                                      {product} {ergonomic}
     bool UseNUMA                                  = false                                     {product} {ergonomic}
     bool UseNUMAInterleaving                      = false                                     {product} {ergonomic}

Logging:
Log output configuration:
 #0: stdout all=warning uptime,level,tags
 #1: stderr all=off uptime,level,tags

Environment Variables:
PATH=/usr/local/bin:/usr/bin:/bin:/usr/sbin:/sbin:/Library/Apple/usr/bin
SHELL=/bin/zsh
LANG=en_GB.UTF-8

Signal Handlers:
SIGSEGV: [libjvm.dylib+0x9fe2e0], sa_mask[0]=11111111011111110111111111111111, sa_flags=SA_ONSTACK|SA_RESTART|SA_SIGINFO
SIGBUS: [libjvm.dylib+0x9fe2e0], sa_mask[0]=11111111011111110111111111111111, sa_flags=SA_RESTART|SA_SIGINFO
SIGFPE: [libjvm.dylib+0x9fe2e0], sa_mask[0]=11111111011111110111111111111111, sa_flags=SA_RESTART|SA_SIGINFO
SIGPIPE: [libjvm.dylib+0x82a110], sa_mask[0]=11111111011111110111111111111111, sa_flags=SA_RESTART|SA_SIGINFO
SIGXFSZ: [libjvm.dylib+0x82a110], sa_mask[0]=11111111011111110111111111111111, sa_flags=SA_RESTART|SA_SIGINFO
SIGILL: [libjvm.dylib+0x9fe2e0], sa_mask[0]=11111111011111110111111111111111, sa_flags=SA_RESTART|SA_SIGINFO
SIGUSR2: [libjvm.dylib+0x82ac20], sa_mask[0]=00000000000000000000000000000000, sa_flags=SA_RESTART|SA_SIGINFO
SIGHUP: [libjvm.dylib+0x829320], sa_mask[0]=11111111011111110111111111111111, sa_flags=SA_RESTART|SA_SIGINFO
SIGINT: [libjvm.dylib+0x829320], sa_mask[0]=11111111011111110111111111111111, sa_flags=SA_RESTART|SA_SIGINFO
SIGTERM: [libjvm.dylib+0x829320], sa_mask[0]=11111111011111110111111111111111, sa_flags=SA_RESTART|SA_SIGINFO
SIGQUIT: [libjvm.dylib+0x829320], sa_mask[0]=11111111011111110111111111111111, sa_flags=SA_RESTART|SA_SIGINFO


---------------  S Y S T E M  ---------------

OS:uname: Darwin 20.2.0 Darwin Kernel Version 20.2.0: Wed Dec  2 20:39:59 PST 2020; root:xnu-7195.60.75~1/RELEASE_X86_64 x86_64
OS uptime: 16 days 8:10 hours
rlimit (soft/hard): STACK 8192k/65532k , CORE 0k/infinity , NPROC 1392/2088 , NOFILE 10240/infinity , AS infinity/infinity , CPU infinity/infinity , DATA infinity/infinity , FSIZE infinity/infinity , MEMLOCK infinity/infinity , RSS infinity/infinity
load average: 5.74 6.17 5.85

CPU: total 4 (initial active 4) (2 cores per cpu, 2 threads per core) family 6 model 61 stepping 4 microcode 0x2f, cmov, cx8, fxsr, mmx, sse, sse2, sse3, ssse3, sse4.1, sse4.2, popcnt, vzeroupper, avx, avx2, aes, clmul, erms, 3dnowpref, lzcnt, ht, tsc, tscinvbit, bmi1, bmi2, adx, fma, clflush

Memory: 4k page, physical 8388608k(28196k free), swap 6291456k(816896k free)

vm_info: Java HotSpot(TM) 64-Bit Server VM (15.0.1+9-18) for bsd-amd64 JRE (15.0.1+9-18), built on Sep 15 2020 13:50:45 by "mach5one" with clang 4.2.1 Compatible Apple LLVM 10.0.0 (clang-1000.11.45.5)

END.
