#
# A fatal error has been detected by the Java Runtime Environment:
#
#  SIGSEGV (0xb) at pc=0x0000000000000000, pid=67838, tid=61959
#
# JRE version: Java(TM) SE Runtime Environment (15.0.1+9) (build 15.0.1+9-18)
# Java VM: Java HotSpot(TM) 64-Bit Server VM (15.0.1+9-18, mixed mode, sharing, tiered, compressed oops, g1 gc, bsd-amd64)
# Problematic frame:
# C  0x0000000000000000
#
# No core dump will be written. Core dumps have been disabled. To enable core dumping, try "ulimit -c unlimited" before starting Java again
#
# If you would like to submit a bug report, please visit:
#   https://bugreport.java.com/bugreport/crash.jsp
#

---------------  S U M M A R Y ------------

Command Line: -agentlib:jdwp=transport=dt_socket,server=n,suspend=y,address=localhost:64714 -XX:+ShowCodeDetailsInExceptionMessages -Dfile.encoding=UTF-8 com.dke.simulator.desktop.DesktopLauncher

Host: MacBookPro12,1 x86_64 2700 MHz, 4 cores, 8G, Darwin 20.2.0
Time: Thu Mar 18 14:07:59 2021 CET elapsed time: 329.991376 seconds (0d 0h 5m 29s)

---------------  T H R E A D  ---------------

Current thread is native thread

Stack: [0x0000700006aae000,0x0000700006b2e000],  sp=0x0000700006b2da38,  free space=510k

siginfo: si_signo: 11 (SIGSEGV), si_code: 1 (SEGV_MAPERR), si_addr: 0x0000000000000000

Registers:
RAX=0x000000012ed27508, RBX=0x00000000000161b0, RCX=0x0000000000000010, RDX=0xfffffffffffffff0
RSP=0x0000700006b2da38, RBP=0x0000700006b2dae0, RSI=0x0000000000000000, RDI=0x00007ffd8eab2000
R8 =0x0000000000000200, R9 =0x00007ffd8c46d260, R10=0x000000012ed493ba, R11=0xfffffffffffffe30
R12=0x0000000000000200, R13=0x00007ffd8eab2000, R14=0x00007ffd8c5b69d0, R15=0x0000000000000800
RIP=0x0000000000000000, EFLAGS=0x0000000000010246, ERR=0x0000000000000014
  TRAPNO=0x000000000000000e

Top of Stack: (sp=0x0000700006b2da38)
0x0000700006b2da38:   000000012ecf9639 0000000000000000
0x0000700006b2da48:   0000000000000000 00007ffd8eaba1b0
0x0000700006b2da58:   000000012eef6010 00007ffd8eab81b0
0x0000700006b2da68:   0000020000000000 0000000000000000
0x0000700006b2da78:   0000000000000800 1b3e9d1700000200
0x0000700006b2da88:   00007ffd8eab61b0 00007ffd8eab2000
0x0000700006b2da98:   000002002bc5a122 0000700006b2daf0
0x0000700006b2daa8:   000000010000037f 1b3e9d178059007c
0x0000700006b2dab8:   00007ffd8c5b6950 0000000000000200
0x0000700006b2dac8:   00007ffd8c46d430 00007ffd8c5b69d0
0x0000700006b2dad8:   00007ffd8c46d260 0000700006b2daf0
0x0000700006b2dae8:   000000012ed092ef 0000700006b2dbb0
0x0000700006b2daf8:   000000012ed46b6a 0000700006b2db30
0x0000700006b2db08:   00007ffd8c5b6be0 00007ffd8d191400
0x0000700006b2db18:   00007ffd8d1915f8 0000700006b20100
0x0000700006b2db28:   00007ffd8c5b6c60 0000700006b2dc50
0x0000700006b2db38:   0000700006b2dc68 0000020000000000
0x0000700006b2db48:   0000700006b2dcf0 0000000000000001
0x0000700006b2db58:   0000000000000001 0000700006b2dbb0
0x0000700006b2db68:   000000012ed473de 0000000000000000
0x0000700006b2db78:   0000000000000000 1b3e9d178059007c
0x0000700006b2db88:   00007ffd8d191400 